0 verbose cli /usr/local/bin/node /usr/local/bin/npm
1 info using npm@11.9.0
2 info using node@v24.14.0
3 silly config load:file:/usr/local/lib/node_modules/npm/npmrc
4 silly config load:file:/Users/gustavo/Library/Caches/typescript/5.9/.npmrc
5 silly config load:file:/Users/gustavo/.npmrc
6 silly config load:file:/usr/local/etc/npmrc
7 verbose title npm install @types/less@ts5.9 @types/stylus@ts5.9
8 verbose argv "install" "--ignore-scripts" "@types/less@ts5.9" "@types/stylus@ts5.9" "--save-dev" "--user-agent" "typesInstaller/5.9.3"
9 verbose logfile logs-max:10 dir:/Users/gustavo/Documents/mds/2026-1-Squad4-Dito_e_Feito/.npm-cache/_logs/2026-05-12T02_14_01_808Z-
10 verbose logfile /Users/gustavo/Documents/mds/2026-1-Squad4-Dito_e_Feito/.npm-cache/_logs/2026-05-12T02_14_01_808Z-debug-0.log
11 silly logfile done cleaning log files
12 silly packumentCache heap:2348810240 maxSize:587202560 maxEntrySize:293601280
13 silly packumentCache corgi:https://registry.npmjs.org/@types%2fless cache-miss
14 silly packumentCache corgi:https://registry.npmjs.org/@types%2fstylus cache-miss
15 http fetch GET 200 https://registry.npmjs.org/@types%2fless 910ms (cache miss)
16 silly packumentCache corgi:https://registry.npmjs.org/@types%2fless set size:undefined disposed:false
17 http fetch GET 200 https://registry.npmjs.org/@types%2fstylus 912ms (cache miss)
18 silly packumentCache corgi:https://registry.npmjs.org/@types%2fstylus set size:undefined disposed:false
19 silly idealTree buildDeps
20 silly fetch manifest @types/less@3.0.8
21 silly packumentCache full:https://registry.npmjs.org/@types%2fless cache-miss
22 http fetch GET 200 https://registry.npmjs.org/@types%2fless 183ms (cache miss)
23 silly packumentCache full:https://registry.npmjs.org/@types%2fless set size:undefined disposed:false
24 silly fetch manifest @types/stylus@0.48.43
25 silly packumentCache full:https://registry.npmjs.org/@types%2fstylus cache-miss
26 http fetch GET 200 https://registry.npmjs.org/@types%2fstylus 279ms (cache miss)
27 silly packumentCache full:https://registry.npmjs.org/@types%2fstylus set size:undefined disposed:false
28 silly placeDep ROOT @types/less@3.0.8 OK for:  want: 3.0.8
29 silly placeDep ROOT @types/stylus@0.48.43 OK for:  want: 0.48.43
30 silly reify moves {}
31 silly audit bulk request {
31 silly audit   '@types/accepts': [ '1.3.7' ],
31 silly audit   '@types/bcrypt': [ '6.0.0' ],
31 silly audit   '@types/body-parser': [ '1.19.6' ],
31 silly audit   '@types/braces': [ '3.0.5' ],
31 silly audit   '@types/bytes': [ '3.1.5' ],
31 silly audit   '@types/connect': [ '3.4.38' ],
31 silly audit   '@types/content-disposition': [ '0.5.9' ],
31 silly audit   '@types/content-type': [ '1.1.9' ],
31 silly audit   '@types/cookie-signature': [ '1.1.2' ],
31 silly audit   '@types/debug': [ '4.1.13' ],
31 silly audit   '@types/depd': [ '1.1.37' ],
31 silly audit   '@types/ee-first': [ '1.1.3' ],
31 silly audit   '@types/encodeurl': [ '1.0.3' ],
31 silly audit   '@types/escape-html': [ '1.0.4' ],
31 silly audit   '@types/etag': [ '1.8.4' ],
31 silly audit   '@types/express': [ '5.0.6' ],
31 silly audit   '@types/express-serve-static-core': [ '5.1.1' ],
31 silly audit   '@types/express-session': [ '1.18.2' ],
31 silly audit   '@types/fill-range': [ '7.0.3' ],
31 silly audit   '@types/finalhandler': [ '1.2.4' ],
31 silly audit   '@types/forwarded': [ '0.1.4' ],
31 silly audit   '@types/fresh': [ '0.5.3' ],
31 silly audit   '@types/function-bind': [ '1.1.10' ],
31 silly audit   '@types/get-intrinsic': [ '1.2.3' ],
31 silly audit   '@types/glob-parent': [ '5.1.3' ],
31 silly audit   '@types/gopd': [ '1.0.3' ],
31 silly audit   '@types/http-errors': [ '2.0.5' ],
31 silly audit   '@types/ignore-by-default': [ '0.0.0' ],
31 silly audit   '@types/inherits': [ '2.0.0' ],
31 silly audit   '@types/is-extglob': [ '2.1.0' ],
31 silly audit   '@types/is-glob': [ '4.0.4' ],
31 silly audit   '@types/is-number': [ '7.0.5' ],
31 silly audit   '@types/jsonwebtoken': [ '9.0.10' ],
31 silly audit   '@types/jws': [ '3.2.11' ],
31 silly audit   '@types/lodash': [ '4.17.24' ],
31 silly audit   '@types/lodash.includes': [ '4.3.9' ],
31 silly audit   '@types/lodash.isboolean': [ '3.0.9' ],
31 silly audit   '@types/lodash.isinteger': [ '4.0.9' ],
31 silly audit   '@types/lodash.isnumber': [ '3.0.9' ],
31 silly audit   '@types/lodash.isplainobject': [ '4.0.9' ],
31 silly audit   '@types/lodash.isstring': [ '4.0.9' ],
31 silly audit   '@types/lodash.once': [ '4.1.9' ],
31 silly audit   '@types/media-typer': [ '1.1.3' ],
31 silly audit   '@types/mime-db': [ '1.43.6' ],
31 silly audit   '@types/mime-types': [ '3.0.1' ],
31 silly audit   '@types/ms': [ '2.1.0' ],
31 silly audit   '@types/negotiator': [ '0.6.4' ],
31 silly audit   '@types/node': [ '25.5.0' ],
31 silly audit   '@types/normalize-path': [ '3.0.2' ],
31 silly audit   '@types/object-inspect': [ '1.13.0' ],
31 silly audit   '@types/on-finished': [ '2.3.5' ],
31 silly audit   '@types/on-headers': [ '1.0.4' ],
31 silly audit   '@types/once': [ '1.4.5' ],
31 silly audit   '@types/parseurl': [ '1.3.3' ],
31 silly audit   '@types/picomatch': [ '4.0.2' ],
31 silly audit   '@types/proxy-addr': [ '2.0.3' ],
31 silly audit   '@types/qs': [ '6.15.0' ],
31 silly audit   '@types/random-bytes': [ '1.0.3' ],
31 silly audit   '@types/range-parser': [ '1.2.7' ],
31 silly audit   '@types/react': [ '19.2.14' ],
31 silly audit   '@types/react-dom': [ '19.2.3' ],
31 silly audit   '@types/react-syntax-highlighter': [ '15.5.13' ],
31 silly audit   '@types/safer-buffer': [ '2.1.3' ],
31 silly audit   '@types/semver': [ '7.7.1' ],
31 silly audit   '@types/send': [ '1.2.1' ],
31 silly audit   '@types/serve-static': [ '2.2.0' ],
31 silly audit   '@types/statuses': [ '2.0.6' ],
31 silly audit   '@types/to-regex-range': [ '5.0.3' ],
31 silly audit   '@types/toidentifier': [ '1.0.2' ],
31 silly audit   '@types/touch': [ '3.1.5' ],
31 silly audit   '@types/type-is': [ '1.6.7' ],
31 silly audit   '@types/uid-safe': [ '2.1.5' ],
31 silly audit   '@types/vary': [ '1.1.3' ],
31 silly audit   csstype: [ '3.2.3' ],
31 silly audit   'types-registry': [ '0.1.769' ],
31 silly audit   'undici-types': [ '7.18.2' ],
31 silly audit   '@types/less': [ '3.0.8' ],
31 silly audit   '@types/stylus': [ '0.48.43' ]
31 silly audit }
32 http cache @types/stylus@https://registry.npmjs.org/@types/stylus/-/stylus-0.48.43.tgz 1ms (cache hit)
33 http cache @types/less@https://registry.npmjs.org/@types/less/-/less-3.0.8.tgz 0ms (cache hit)
34 silly tarball no local data for @types/stylus@https://registry.npmjs.org/@types/stylus/-/stylus-0.48.43.tgz. Extracting by manifest.
35 silly tarball no local data for @types/less@https://registry.npmjs.org/@types/less/-/less-3.0.8.tgz. Extracting by manifest.
36 http fetch GET 200 https://registry.npmjs.org/@types/stylus/-/stylus-0.48.43.tgz 189ms (cache miss)
37 http fetch POST 200 https://registry.npmjs.org/-/npm/v1/security/advisories/bulk 257ms
38 silly audit report {}
39 http fetch GET 200 https://registry.npmjs.org/@types/less/-/less-3.0.8.tgz 686ms (cache miss)
40 silly ADD node_modules/@types/stylus
41 silly ADD node_modules/@types/less
42 verbose cwd /Users/gustavo/Library/Caches/typescript/5.9
43 verbose os Darwin 21.6.0
44 verbose node v24.14.0
45 verbose npm  v11.9.0
46 verbose exit 0
47 info ok
