0 verbose cli /usr/local/bin/node /usr/local/bin/npm
1 info using npm@11.9.0
2 info using node@v24.14.0
3 silly config load:file:/usr/local/lib/node_modules/npm/npmrc
4 silly config load:file:/Users/gustavo/Documents/mds/2026-1-Squad4-Dito_e_Feito/analytics/frontend/.npmrc
5 silly config load:file:/Users/gustavo/.npmrc
6 silly config load:file:/usr/local/etc/npmrc
7 verbose title npm install tailwindcss @tailwindcss/vite recharts
8 verbose argv "install" "tailwindcss" "@tailwindcss/vite" "recharts"
9 verbose logfile logs-max:10 dir:/Users/gustavo/Documents/mds/2026-1-Squad4-Dito_e_Feito/.npm-cache/_logs/2026-05-12T02_13_22_375Z-
10 verbose logfile /Users/gustavo/Documents/mds/2026-1-Squad4-Dito_e_Feito/.npm-cache/_logs/2026-05-12T02_13_22_375Z-debug-0.log
11 silly logfile done cleaning log files
12 silly packumentCache heap:2348810240 maxSize:587202560 maxEntrySize:293601280
13 silly idealTree buildDeps
14 silly fetch manifest tailwindcss@*
15 silly packumentCache full:https://registry.npmjs.org/tailwindcss cache-miss
16 http fetch GET 200 https://registry.npmjs.org/tailwindcss 1826ms (cache miss)
17 silly packumentCache full:https://registry.npmjs.org/tailwindcss set size:undefined disposed:false
18 silly fetch manifest @tailwindcss/vite@*
19 silly packumentCache full:https://registry.npmjs.org/@tailwindcss%2fvite cache-miss
20 http fetch GET 200 https://registry.npmjs.org/@tailwindcss%2fvite 330ms (cache miss)
21 silly packumentCache full:https://registry.npmjs.org/@tailwindcss%2fvite set size:undefined disposed:false
22 silly fetch manifest vite@^8.0.12
23 silly packumentCache full:https://registry.npmjs.org/vite cache-miss
24 http cache https://registry.npmjs.org/vite 164ms (cache hit)
25 silly packumentCache full:https://registry.npmjs.org/vite set size:38832758 disposed:false
26 silly fetch manifest @types/node@^20.19.0 || >=22.12.0
27 silly packumentCache full:https://registry.npmjs.org/@types%2fnode cache-miss
28 http cache https://registry.npmjs.org/@types%2fnode 44ms (cache hit)
29 silly packumentCache full:https://registry.npmjs.org/@types%2fnode set size:11004479 disposed:false
30 silly fetch manifest @vitejs/devtools@^0.1.18
31 silly packumentCache full:https://registry.npmjs.org/@vitejs%2fdevtools cache-miss
32 http cache https://registry.npmjs.org/@vitejs%2fdevtools 7ms (cache hit)
33 silly packumentCache full:https://registry.npmjs.org/@vitejs%2fdevtools set size:203275 disposed:false
34 silly fetch manifest esbuild@^0.27.0 || ^0.28.0
35 silly packumentCache full:https://registry.npmjs.org/esbuild cache-miss
36 http cache https://registry.npmjs.org/esbuild 10ms (cache hit)
37 silly packumentCache full:https://registry.npmjs.org/esbuild set size:1254708 disposed:false
38 silly fetch manifest jiti@>=1.21.0
39 silly packumentCache full:https://registry.npmjs.org/jiti cache-miss
40 http cache https://registry.npmjs.org/jiti 9ms (cache hit)
41 silly packumentCache full:https://registry.npmjs.org/jiti set size:387989 disposed:false
42 silly fetch manifest less@^4.0.0
43 silly packumentCache full:https://registry.npmjs.org/less cache-miss
44 http cache https://registry.npmjs.org/less 6ms (cache hit)
45 silly packumentCache full:https://registry.npmjs.org/less set size:461684 disposed:false
46 silly fetch manifest sass@^1.70.0
47 silly packumentCache full:https://registry.npmjs.org/sass cache-miss
48 http cache https://registry.npmjs.org/sass 6ms (cache hit)
49 silly packumentCache full:https://registry.npmjs.org/sass set size:726244 disposed:false
50 silly fetch manifest sass-embedded@^1.70.0
51 silly packumentCache full:https://registry.npmjs.org/sass-embedded cache-miss
52 http cache https://registry.npmjs.org/sass-embedded 6ms (cache hit)
53 silly packumentCache full:https://registry.npmjs.org/sass-embedded set size:415594 disposed:false
54 silly fetch manifest stylus@>=0.54.8
55 silly packumentCache full:https://registry.npmjs.org/stylus cache-miss
56 http cache https://registry.npmjs.org/stylus 7ms (cache hit)
57 silly packumentCache full:https://registry.npmjs.org/stylus set size:286766 disposed:false
58 silly fetch manifest sugarss@^5.0.0
59 silly packumentCache full:https://registry.npmjs.org/sugarss cache-miss
60 http cache https://registry.npmjs.org/sugarss 6ms (cache hit)
61 silly packumentCache full:https://registry.npmjs.org/sugarss set size:44975 disposed:false
62 silly fetch manifest postcss@^8.3.3
63 silly packumentCache full:https://registry.npmjs.org/postcss cache-miss
64 http cache https://registry.npmjs.org/postcss 6ms (cache hit)
65 silly packumentCache full:https://registry.npmjs.org/postcss set size:720302 disposed:false
66 silly fetch manifest terser@^5.16.0
67 silly packumentCache full:https://registry.npmjs.org/terser cache-miss
68 http cache https://registry.npmjs.org/terser 7ms (cache hit)
69 silly packumentCache full:https://registry.npmjs.org/terser set size:800268 disposed:false
70 silly fetch manifest tsx@^4.8.1
71 silly packumentCache full:https://registry.npmjs.org/tsx cache-miss
72 http cache https://registry.npmjs.org/tsx 5ms (cache hit)
73 silly packumentCache full:https://registry.npmjs.org/tsx set size:289592 disposed:false
74 silly fetch manifest yaml@^2.4.2
75 silly packumentCache full:https://registry.npmjs.org/yaml cache-miss
76 http cache https://registry.npmjs.org/yaml 5ms (cache hit)
77 silly packumentCache full:https://registry.npmjs.org/yaml set size:385754 disposed:false
78 silly fetch manifest recharts@*
79 silly packumentCache full:https://registry.npmjs.org/recharts cache-miss
80 http fetch GET 200 https://registry.npmjs.org/recharts 213ms (cache miss)
81 silly packumentCache full:https://registry.npmjs.org/recharts set size:undefined disposed:false
82 silly fetch manifest react@^19.2.6
83 silly packumentCache full:https://registry.npmjs.org/react cache-miss
84 http cache https://registry.npmjs.org/react 64ms (cache hit)
85 silly packumentCache full:https://registry.npmjs.org/react set size:6650647 disposed:false
86 silly fetch manifest react-dom@^19.2.6
87 silly packumentCache full:https://registry.npmjs.org/react-dom cache-miss
88 http cache https://registry.npmjs.org/react-dom 30ms (cache hit)
89 silly packumentCache full:https://registry.npmjs.org/react-dom set size:8868827 disposed:false
90 silly fetch manifest react-is@^16.8.0 || ^17.0.0 || ^18.0.0 || ^19.0.0
91 silly packumentCache full:https://registry.npmjs.org/react-is cache-miss
92 http fetch GET 200 https://registry.npmjs.org/react-is 414ms (cache miss)
93 silly packumentCache full:https://registry.npmjs.org/react-is set size:undefined disposed:false
94 silly placeDep ROOT @tailwindcss/vite@4.3.0 OK for: frontend@0.0.0 want: *
95 silly placeDep ROOT recharts@3.8.1 OK for: frontend@0.0.0 want: *
96 silly placeDep ROOT react-is@19.2.6 OK for: recharts@3.8.1 want: ^16.8.0 || ^17.0.0 || ^18.0.0 || ^19.0.0
97 silly placeDep ROOT tailwindcss@4.3.0 OK for: frontend@0.0.0 want: *
98 silly fetch manifest tailwindcss@4.3.0
99 silly packumentCache full:https://registry.npmjs.org/tailwindcss cache-miss
100 silly fetch manifest @tailwindcss/node@4.3.0
101 silly packumentCache full:https://registry.npmjs.org/@tailwindcss%2fnode cache-miss
102 silly fetch manifest @tailwindcss/oxide@4.3.0
103 silly packumentCache full:https://registry.npmjs.org/@tailwindcss%2foxide cache-miss
104 http cache https://registry.npmjs.org/tailwindcss 31ms (cache hit)
105 silly packumentCache full:https://registry.npmjs.org/tailwindcss set size:10488107 disposed:false
106 silly fetch manifest @reduxjs/toolkit@^1.9.0 || 2.x.x
107 silly packumentCache full:https://registry.npmjs.org/@reduxjs%2ftoolkit cache-miss
108 http fetch GET 200 https://registry.npmjs.org/@tailwindcss%2fnode 223ms (cache miss)
109 silly packumentCache full:https://registry.npmjs.org/@tailwindcss%2fnode set size:undefined disposed:false
110 silly fetch manifest clsx@^2.1.1
111 silly packumentCache full:https://registry.npmjs.org/clsx cache-miss
112 http fetch GET 200 https://registry.npmjs.org/clsx 172ms (cache miss)
113 silly packumentCache full:https://registry.npmjs.org/clsx set size:undefined disposed:false
114 silly fetch manifest decimal.js-light@^2.5.1
115 silly packumentCache full:https://registry.npmjs.org/decimal.js-light cache-miss
116 http fetch GET 200 https://registry.npmjs.org/decimal.js-light 161ms (cache miss)
117 silly packumentCache full:https://registry.npmjs.org/decimal.js-light set size:undefined disposed:false
118 silly fetch manifest es-toolkit@^1.39.3
119 silly packumentCache full:https://registry.npmjs.org/es-toolkit cache-miss
120 http fetch GET 200 https://registry.npmjs.org/@reduxjs%2ftoolkit 879ms (cache miss)
121 silly packumentCache full:https://registry.npmjs.org/@reduxjs%2ftoolkit set size:undefined disposed:false
122 silly fetch manifest eventemitter3@^5.0.1
123 silly packumentCache full:https://registry.npmjs.org/eventemitter3 cache-miss
124 http fetch GET 200 https://registry.npmjs.org/@tailwindcss%2foxide 1178ms (cache miss)
125 silly packumentCache full:https://registry.npmjs.org/@tailwindcss%2foxide set size:undefined disposed:false
126 silly fetch manifest immer@^10.1.1
127 silly packumentCache full:https://registry.npmjs.org/immer cache-miss
128 http fetch GET 200 https://registry.npmjs.org/eventemitter3 228ms (cache miss)
129 silly packumentCache full:https://registry.npmjs.org/eventemitter3 set size:undefined disposed:false
130 silly fetch manifest react-redux@8.x.x || 9.x.x
131 silly packumentCache full:https://registry.npmjs.org/react-redux cache-miss
132 http fetch GET 200 https://registry.npmjs.org/es-toolkit 666ms (cache miss)
133 silly packumentCache full:https://registry.npmjs.org/es-toolkit set size:undefined disposed:false
134 silly fetch manifest reselect@5.1.1
135 silly packumentCache full:https://registry.npmjs.org/reselect cache-miss
136 http fetch GET 200 https://registry.npmjs.org/react-redux 190ms (cache miss)
137 silly packumentCache full:https://registry.npmjs.org/react-redux set size:undefined disposed:false
138 silly fetch manifest tiny-invariant@^1.3.3
139 silly packumentCache full:https://registry.npmjs.org/tiny-invariant cache-miss
140 http fetch GET 200 https://registry.npmjs.org/immer 265ms (cache miss)
141 silly packumentCache full:https://registry.npmjs.org/immer set size:undefined disposed:false
142 silly fetch manifest use-sync-external-store@^1.2.2
143 silly packumentCache full:https://registry.npmjs.org/use-sync-external-store cache-miss
144 http fetch GET 200 https://registry.npmjs.org/tiny-invariant 169ms (cache miss)
145 silly packumentCache full:https://registry.npmjs.org/tiny-invariant set size:undefined disposed:false
146 silly fetch manifest victory-vendor@^37.0.2
147 silly packumentCache full:https://registry.npmjs.org/victory-vendor cache-miss
148 http fetch GET 200 https://registry.npmjs.org/reselect 362ms (cache miss)
149 silly packumentCache full:https://registry.npmjs.org/reselect set size:undefined disposed:false
150 http fetch GET 200 https://registry.npmjs.org/victory-vendor 191ms (cache miss)
151 silly packumentCache full:https://registry.npmjs.org/victory-vendor set size:undefined disposed:false
152 http fetch GET 200 https://registry.npmjs.org/use-sync-external-store 311ms (cache miss)
153 silly packumentCache full:https://registry.npmjs.org/use-sync-external-store set size:undefined disposed:false
154 silly placeDep ROOT @tailwindcss/node@4.3.0 OK for: @tailwindcss/vite@4.3.0 want: 4.3.0
155 silly placeDep ROOT @tailwindcss/oxide@4.3.0 OK for: @tailwindcss/vite@4.3.0 want: 4.3.0
156 silly fetch manifest jiti@^2.6.1
157 silly packumentCache full:https://registry.npmjs.org/jiti cache-hit
158 silly fetch manifest magic-string@^0.30.21
159 silly packumentCache full:https://registry.npmjs.org/magic-string cache-miss
160 silly fetch manifest enhanced-resolve@^5.21.0
161 silly packumentCache full:https://registry.npmjs.org/enhanced-resolve cache-miss
162 silly fetch manifest @tailwindcss/oxide-darwin-x64@4.3.0
163 silly packumentCache full:https://registry.npmjs.org/@tailwindcss%2foxide-darwin-x64 cache-miss
164 http fetch GET 200 https://registry.npmjs.org/magic-string 211ms (cache miss)
165 silly packumentCache full:https://registry.npmjs.org/magic-string set size:undefined disposed:false
166 silly fetch manifest @tailwindcss/oxide-freebsd-x64@4.3.0
167 silly packumentCache full:https://registry.npmjs.org/@tailwindcss%2foxide-freebsd-x64 cache-miss
168 http fetch GET 200 https://registry.npmjs.org/enhanced-resolve 217ms (cache miss)
169 silly packumentCache full:https://registry.npmjs.org/enhanced-resolve set size:undefined disposed:false
170 silly fetch manifest @tailwindcss/oxide-wasm32-wasi@4.3.0
171 silly packumentCache full:https://registry.npmjs.org/@tailwindcss%2foxide-wasm32-wasi cache-miss
172 http fetch GET 200 https://registry.npmjs.org/@tailwindcss%2foxide-darwin-x64 310ms (cache miss)
173 silly packumentCache full:https://registry.npmjs.org/@tailwindcss%2foxide-darwin-x64 set size:undefined disposed:false
174 silly fetch manifest @tailwindcss/oxide-darwin-arm64@4.3.0
175 silly packumentCache full:https://registry.npmjs.org/@tailwindcss%2foxide-darwin-arm64 cache-miss
176 http fetch GET 200 https://registry.npmjs.org/@tailwindcss%2foxide-wasm32-wasi 200ms (cache miss)
177 silly packumentCache full:https://registry.npmjs.org/@tailwindcss%2foxide-wasm32-wasi set size:undefined disposed:false
178 silly fetch manifest @tailwindcss/oxide-android-arm64@4.3.0
179 silly packumentCache full:https://registry.npmjs.org/@tailwindcss%2foxide-android-arm64 cache-miss
180 http fetch GET 200 https://registry.npmjs.org/@tailwindcss%2foxide-darwin-arm64 285ms (cache miss)
181 silly packumentCache full:https://registry.npmjs.org/@tailwindcss%2foxide-darwin-arm64 set size:undefined disposed:false
182 silly fetch manifest @tailwindcss/oxide-linux-x64-gnu@4.3.0
183 silly packumentCache full:https://registry.npmjs.org/@tailwindcss%2foxide-linux-x64-gnu cache-miss
184 http fetch GET 200 https://registry.npmjs.org/@tailwindcss%2foxide-freebsd-x64 437ms (cache miss)
185 silly packumentCache full:https://registry.npmjs.org/@tailwindcss%2foxide-freebsd-x64 set size:undefined disposed:false
186 silly fetch manifest @tailwindcss/oxide-linux-x64-musl@4.3.0
187 silly packumentCache full:https://registry.npmjs.org/@tailwindcss%2foxide-linux-x64-musl cache-miss
188 http fetch GET 200 https://registry.npmjs.org/@tailwindcss%2foxide-android-arm64 254ms (cache miss)
189 silly packumentCache full:https://registry.npmjs.org/@tailwindcss%2foxide-android-arm64 set size:undefined disposed:false
190 silly fetch manifest @tailwindcss/oxide-win32-x64-msvc@4.3.0
191 silly packumentCache full:https://registry.npmjs.org/@tailwindcss%2foxide-win32-x64-msvc cache-miss
192 http fetch GET 200 https://registry.npmjs.org/@tailwindcss%2foxide-linux-x64-musl 418ms (cache miss)
193 silly packumentCache full:https://registry.npmjs.org/@tailwindcss%2foxide-linux-x64-musl set size:undefined disposed:false
194 silly fetch manifest @tailwindcss/oxide-linux-arm64-gnu@4.3.0
195 silly packumentCache full:https://registry.npmjs.org/@tailwindcss%2foxide-linux-arm64-gnu cache-miss
196 http fetch GET 200 https://registry.npmjs.org/@tailwindcss%2foxide-win32-x64-msvc 404ms (cache miss)
197 silly packumentCache full:https://registry.npmjs.org/@tailwindcss%2foxide-win32-x64-msvc set size:undefined disposed:false
198 silly fetch manifest @tailwindcss/oxide-linux-arm64-musl@4.3.0
199 silly packumentCache full:https://registry.npmjs.org/@tailwindcss%2foxide-linux-arm64-musl cache-miss
200 http fetch GET 200 https://registry.npmjs.org/@tailwindcss%2foxide-linux-x64-gnu 512ms (cache miss)
201 silly packumentCache full:https://registry.npmjs.org/@tailwindcss%2foxide-linux-x64-gnu set size:undefined disposed:false
202 silly fetch manifest @tailwindcss/oxide-win32-arm64-msvc@4.3.0
203 silly packumentCache full:https://registry.npmjs.org/@tailwindcss%2foxide-win32-arm64-msvc cache-miss
204 http fetch GET 200 https://registry.npmjs.org/@tailwindcss%2foxide-linux-arm64-gnu 312ms (cache miss)
205 silly packumentCache full:https://registry.npmjs.org/@tailwindcss%2foxide-linux-arm64-gnu set size:undefined disposed:false
206 silly fetch manifest @tailwindcss/oxide-linux-arm-gnueabihf@4.3.0
207 silly packumentCache full:https://registry.npmjs.org/@tailwindcss%2foxide-linux-arm-gnueabihf cache-miss
208 http fetch GET 200 https://registry.npmjs.org/@tailwindcss%2foxide-win32-arm64-msvc 297ms (cache miss)
209 silly packumentCache full:https://registry.npmjs.org/@tailwindcss%2foxide-win32-arm64-msvc set size:undefined disposed:false
210 http fetch GET 200 https://registry.npmjs.org/@tailwindcss%2foxide-linux-arm64-musl 345ms (cache miss)
211 silly packumentCache full:https://registry.npmjs.org/@tailwindcss%2foxide-linux-arm64-musl set size:undefined disposed:false
212 http fetch GET 200 https://registry.npmjs.org/@tailwindcss%2foxide-linux-arm-gnueabihf 234ms (cache miss)
213 silly packumentCache full:https://registry.npmjs.org/@tailwindcss%2foxide-linux-arm-gnueabihf set size:undefined disposed:false
214 silly placeDep ROOT enhanced-resolve@5.21.3 OK for: @tailwindcss/node@4.3.0 want: ^5.21.0
215 silly placeDep ROOT jiti@2.7.0 OK for: @tailwindcss/node@4.3.0 want: ^2.6.1
216 silly placeDep ROOT magic-string@0.30.21 OK for: @tailwindcss/node@4.3.0 want: ^0.30.21
217 silly fetch manifest graceful-fs@^4.2.4
218 silly packumentCache full:https://registry.npmjs.org/graceful-fs cache-miss
219 silly fetch manifest tapable@^2.3.3
220 silly packumentCache full:https://registry.npmjs.org/tapable cache-miss
221 http fetch GET 200 https://registry.npmjs.org/graceful-fs 176ms (cache miss)
222 silly packumentCache full:https://registry.npmjs.org/graceful-fs set size:undefined disposed:false
223 http fetch GET 200 https://registry.npmjs.org/tapable 179ms (cache miss)
224 silly packumentCache full:https://registry.npmjs.org/tapable set size:undefined disposed:false
225 silly placeDep ROOT @tailwindcss/oxide-android-arm64@4.3.0 OK for: @tailwindcss/oxide@4.3.0 want: 4.3.0
226 silly placeDep ROOT @tailwindcss/oxide-darwin-arm64@4.3.0 OK for: @tailwindcss/oxide@4.3.0 want: 4.3.0
227 silly placeDep ROOT @tailwindcss/oxide-darwin-x64@4.3.0 OK for: @tailwindcss/oxide@4.3.0 want: 4.3.0
228 silly placeDep ROOT @tailwindcss/oxide-freebsd-x64@4.3.0 OK for: @tailwindcss/oxide@4.3.0 want: 4.3.0
229 silly placeDep ROOT @tailwindcss/oxide-linux-arm-gnueabihf@4.3.0 OK for: @tailwindcss/oxide@4.3.0 want: 4.3.0
230 silly placeDep ROOT @tailwindcss/oxide-linux-arm64-gnu@4.3.0 OK for: @tailwindcss/oxide@4.3.0 want: 4.3.0
231 silly placeDep ROOT @tailwindcss/oxide-linux-arm64-musl@4.3.0 OK for: @tailwindcss/oxide@4.3.0 want: 4.3.0
232 silly placeDep ROOT @tailwindcss/oxide-linux-x64-gnu@4.3.0 OK for: @tailwindcss/oxide@4.3.0 want: 4.3.0
233 silly placeDep ROOT @tailwindcss/oxide-linux-x64-musl@4.3.0 OK for: @tailwindcss/oxide@4.3.0 want: 4.3.0
234 silly placeDep ROOT @tailwindcss/oxide-wasm32-wasi@4.3.0 OK for: @tailwindcss/oxide@4.3.0 want: 4.3.0
235 silly placeDep ROOT @tailwindcss/oxide-win32-arm64-msvc@4.3.0 OK for: @tailwindcss/oxide@4.3.0 want: 4.3.0
236 silly placeDep ROOT @tailwindcss/oxide-win32-x64-msvc@4.3.0 OK for: @tailwindcss/oxide@4.3.0 want: 4.3.0
237 silly placeDep ROOT graceful-fs@4.2.11 OK for: enhanced-resolve@5.21.3 want: ^4.2.4
238 silly placeDep ROOT tapable@2.3.3 OK for: enhanced-resolve@5.21.3 want: ^2.3.3
239 silly fetch manifest react@^16.8.0 || ^17.0.0 || ^18.0.0 || ^19.0.0
240 silly packumentCache full:https://registry.npmjs.org/react cache-miss
241 http cache https://registry.npmjs.org/react 23ms (cache hit)
242 silly packumentCache full:https://registry.npmjs.org/react set size:6650647 disposed:false
243 silly fetch manifest @types/react@^18.2.25 || ^19
244 silly packumentCache full:https://registry.npmjs.org/@types%2freact cache-miss
245 http cache https://registry.npmjs.org/@types%2freact 45ms (cache hit)
246 silly packumentCache full:https://registry.npmjs.org/@types%2freact set size:2588964 disposed:false
247 silly fetch manifest redux@^5.0.0
248 silly packumentCache full:https://registry.npmjs.org/redux cache-miss
249 http fetch GET 200 https://registry.npmjs.org/redux 176ms (cache miss)
250 silly packumentCache full:https://registry.npmjs.org/redux set size:undefined disposed:false
251 silly placeDep ROOT @reduxjs/toolkit@2.11.2 OK for: recharts@3.8.1 want: ^1.9.0 || 2.x.x
252 silly placeDep ROOT clsx@2.1.1 OK for: recharts@3.8.1 want: ^2.1.1
253 silly placeDep ROOT decimal.js-light@2.5.1 OK for: recharts@3.8.1 want: ^2.5.1
254 silly placeDep ROOT es-toolkit@1.46.1 OK for: recharts@3.8.1 want: ^1.39.3
255 silly placeDep ROOT eventemitter3@5.0.4 OK for: recharts@3.8.1 want: ^5.0.1
256 silly placeDep ROOT immer@10.2.0 OK for: recharts@3.8.1 want: ^10.1.1
257 silly placeDep ROOT react-redux@9.2.0 OK for: recharts@3.8.1 want: 8.x.x || 9.x.x
258 silly placeDep ROOT reselect@5.1.1 OK for: recharts@3.8.1 want: 5.1.1
259 silly placeDep ROOT tiny-invariant@1.3.3 OK for: recharts@3.8.1 want: ^1.3.3
260 silly placeDep ROOT use-sync-external-store@1.6.0 OK for: recharts@3.8.1 want: ^1.2.2
261 silly placeDep ROOT victory-vendor@37.3.6 OK for: recharts@3.8.1 want: ^37.0.2
262 silly fetch manifest @standard-schema/spec@^1.0.0
263 silly packumentCache full:https://registry.npmjs.org/@standard-schema%2fspec cache-miss
264 silly fetch manifest @standard-schema/utils@^0.3.0
265 silly packumentCache full:https://registry.npmjs.org/@standard-schema%2futils cache-miss
266 silly fetch manifest immer@^11.0.0
267 silly packumentCache full:https://registry.npmjs.org/immer cache-miss
268 http cache https://registry.npmjs.org/immer 6ms (cache hit)
269 silly packumentCache full:https://registry.npmjs.org/immer set size:761699 disposed:false
270 silly fetch manifest redux@^5.0.1
271 silly packumentCache full:https://registry.npmjs.org/redux cache-miss
272 http cache https://registry.npmjs.org/redux 5ms (cache hit)
273 silly packumentCache full:https://registry.npmjs.org/redux set size:553833 disposed:false
274 silly fetch manifest redux-thunk@^3.1.0
275 silly packumentCache full:https://registry.npmjs.org/redux-thunk cache-miss
276 http fetch GET 200 https://registry.npmjs.org/redux-thunk 172ms (cache miss)
277 silly packumentCache full:https://registry.npmjs.org/redux-thunk set size:undefined disposed:false
278 silly fetch manifest reselect@^5.1.0
279 silly packumentCache full:https://registry.npmjs.org/reselect cache-miss
280 http cache https://registry.npmjs.org/reselect 8ms (cache hit)
281 silly packumentCache full:https://registry.npmjs.org/reselect set size:910470 disposed:false
282 silly fetch manifest @types/use-sync-external-store@^0.0.6
283 silly packumentCache full:https://registry.npmjs.org/@types%2fuse-sync-external-store cache-miss
284 http fetch GET 200 https://registry.npmjs.org/@standard-schema%2futils 221ms (cache miss)
285 silly packumentCache full:https://registry.npmjs.org/@standard-schema%2futils set size:undefined disposed:false
286 silly fetch manifest use-sync-external-store@^1.4.0
287 silly packumentCache full:https://registry.npmjs.org/use-sync-external-store cache-miss
288 http cache https://registry.npmjs.org/use-sync-external-store 17ms (cache hit)
289 silly packumentCache full:https://registry.npmjs.org/use-sync-external-store set size:4675268 disposed:false
290 silly fetch manifest d3-ease@^3.0.1
291 silly packumentCache full:https://registry.npmjs.org/d3-ease cache-miss
292 http fetch GET 200 https://registry.npmjs.org/@standard-schema%2fspec 312ms (cache miss)
293 silly packumentCache full:https://registry.npmjs.org/@standard-schema%2fspec set size:undefined disposed:false
294 silly fetch manifest d3-time@^3.0.0
295 silly packumentCache full:https://registry.npmjs.org/d3-time cache-miss
296 http fetch GET 200 https://registry.npmjs.org/@types%2fuse-sync-external-store 167ms (cache miss)
297 silly packumentCache full:https://registry.npmjs.org/@types%2fuse-sync-external-store set size:undefined disposed:false
298 silly fetch manifest d3-array@^3.1.6
299 silly packumentCache full:https://registry.npmjs.org/d3-array cache-miss
300 http fetch GET 200 https://registry.npmjs.org/d3-ease 192ms (cache miss)
301 silly packumentCache full:https://registry.npmjs.org/d3-ease set size:undefined disposed:false
302 silly fetch manifest d3-scale@^4.0.2
303 silly packumentCache full:https://registry.npmjs.org/d3-scale cache-miss
304 http fetch GET 200 https://registry.npmjs.org/d3-time 171ms (cache miss)
305 silly packumentCache full:https://registry.npmjs.org/d3-time set size:undefined disposed:false
306 silly fetch manifest d3-shape@^3.1.0
307 silly packumentCache full:https://registry.npmjs.org/d3-shape cache-miss
308 http fetch GET 200 https://registry.npmjs.org/d3-array 179ms (cache miss)
309 silly packumentCache full:https://registry.npmjs.org/d3-array set size:undefined disposed:false
310 silly fetch manifest d3-timer@^3.0.1
311 silly packumentCache full:https://registry.npmjs.org/d3-timer cache-miss
312 http fetch GET 200 https://registry.npmjs.org/d3-shape 177ms (cache miss)
313 silly packumentCache full:https://registry.npmjs.org/d3-shape set size:undefined disposed:false
314 silly fetch manifest @types/d3-ease@^3.0.0
315 silly packumentCache full:https://registry.npmjs.org/@types%2fd3-ease cache-miss
316 http fetch GET 200 https://registry.npmjs.org/d3-scale 278ms (cache miss)
317 silly packumentCache full:https://registry.npmjs.org/d3-scale set size:undefined disposed:false
318 silly fetch manifest @types/d3-time@^3.0.0
319 silly packumentCache full:https://registry.npmjs.org/@types%2fd3-time cache-miss
320 http fetch GET 200 https://registry.npmjs.org/d3-timer 259ms (cache miss)
321 silly packumentCache full:https://registry.npmjs.org/d3-timer set size:undefined disposed:false
322 silly fetch manifest d3-interpolate@^3.0.1
323 silly packumentCache full:https://registry.npmjs.org/d3-interpolate cache-miss
324 http fetch GET 200 https://registry.npmjs.org/@types%2fd3-ease 176ms (cache miss)
325 silly packumentCache full:https://registry.npmjs.org/@types%2fd3-ease set size:undefined disposed:false
326 silly fetch manifest @types/d3-array@^3.0.3
327 silly packumentCache full:https://registry.npmjs.org/@types%2fd3-array cache-miss
328 http fetch GET 200 https://registry.npmjs.org/d3-interpolate 250ms (cache miss)
329 silly packumentCache full:https://registry.npmjs.org/d3-interpolate set size:undefined disposed:false
330 silly fetch manifest @types/d3-scale@^4.0.2
331 silly packumentCache full:https://registry.npmjs.org/@types%2fd3-scale cache-miss
332 http fetch GET 200 https://registry.npmjs.org/@types%2fd3-time 337ms (cache miss)
333 silly packumentCache full:https://registry.npmjs.org/@types%2fd3-time set size:undefined disposed:false
334 silly fetch manifest @types/d3-shape@^3.1.0
335 silly packumentCache full:https://registry.npmjs.org/@types%2fd3-shape cache-miss
336 http fetch GET 200 https://registry.npmjs.org/@types%2fd3-array 279ms (cache miss)
337 silly packumentCache full:https://registry.npmjs.org/@types%2fd3-array set size:undefined disposed:false
338 silly fetch manifest @types/d3-timer@^3.0.0
339 silly packumentCache full:https://registry.npmjs.org/@types%2fd3-timer cache-miss
340 http fetch GET 200 https://registry.npmjs.org/@types%2fd3-shape 173ms (cache miss)
341 silly packumentCache full:https://registry.npmjs.org/@types%2fd3-shape set size:undefined disposed:false
342 silly fetch manifest @types/d3-interpolate@^3.0.1
343 silly packumentCache full:https://registry.npmjs.org/@types%2fd3-interpolate cache-miss
344 http fetch GET 200 https://registry.npmjs.org/@types%2fd3-timer 265ms (cache miss)
345 silly packumentCache full:https://registry.npmjs.org/@types%2fd3-timer set size:undefined disposed:false
346 http fetch GET 200 https://registry.npmjs.org/@types%2fd3-scale 321ms (cache miss)
347 silly packumentCache full:https://registry.npmjs.org/@types%2fd3-scale set size:undefined disposed:false
348 http fetch GET 200 https://registry.npmjs.org/@types%2fd3-interpolate 242ms (cache miss)
349 silly packumentCache full:https://registry.npmjs.org/@types%2fd3-interpolate set size:undefined disposed:false
350 silly placeDep ROOT @standard-schema/spec@1.1.0 OK for: @reduxjs/toolkit@2.11.2 want: ^1.0.0
351 silly placeDep ROOT @standard-schema/utils@0.3.0 OK for: @reduxjs/toolkit@2.11.2 want: ^0.3.0
352 silly placeDep node_modules/@reduxjs/toolkit immer@11.1.8 OK for: @reduxjs/toolkit@2.11.2 want: ^11.0.0
353 silly placeDep ROOT redux@5.0.1 OK for: @reduxjs/toolkit@2.11.2 want: ^5.0.1
354 silly placeDep ROOT redux-thunk@3.1.0 OK for: @reduxjs/toolkit@2.11.2 want: ^3.1.0
355 silly placeDep ROOT @types/use-sync-external-store@0.0.6 OK for: react-redux@9.2.0 want: ^0.0.6
356 silly placeDep ROOT @types/d3-array@3.2.2 OK for: victory-vendor@37.3.6 want: ^3.0.3
357 silly placeDep ROOT @types/d3-ease@3.0.2 OK for: victory-vendor@37.3.6 want: ^3.0.0
358 silly placeDep ROOT @types/d3-interpolate@3.0.4 OK for: victory-vendor@37.3.6 want: ^3.0.1
359 silly placeDep ROOT @types/d3-scale@4.0.9 OK for: victory-vendor@37.3.6 want: ^4.0.2
360 silly placeDep ROOT @types/d3-shape@3.1.8 OK for: victory-vendor@37.3.6 want: ^3.1.0
361 silly placeDep ROOT @types/d3-time@3.0.4 OK for: victory-vendor@37.3.6 want: ^3.0.0
362 silly placeDep ROOT @types/d3-timer@3.0.2 OK for: victory-vendor@37.3.6 want: ^3.0.0
363 silly placeDep ROOT d3-array@3.2.4 OK for: victory-vendor@37.3.6 want: ^3.1.6
364 silly placeDep ROOT d3-ease@3.0.1 OK for: victory-vendor@37.3.6 want: ^3.0.1
365 silly placeDep ROOT d3-interpolate@3.0.1 OK for: victory-vendor@37.3.6 want: ^3.0.1
366 silly placeDep ROOT d3-scale@4.0.2 OK for: victory-vendor@37.3.6 want: ^4.0.2
367 silly placeDep ROOT d3-shape@3.2.0 OK for: victory-vendor@37.3.6 want: ^3.1.0
368 silly placeDep ROOT d3-time@3.1.0 OK for: victory-vendor@37.3.6 want: ^3.0.0
369 silly placeDep ROOT d3-timer@3.0.1 OK for: victory-vendor@37.3.6 want: ^3.0.1
370 silly fetch manifest @types/d3-color@*
371 silly packumentCache full:https://registry.npmjs.org/@types%2fd3-color cache-miss
372 silly fetch manifest @types/d3-time@*
373 silly packumentCache full:https://registry.npmjs.org/@types%2fd3-time cache-miss
374 silly fetch manifest @types/d3-path@*
375 silly packumentCache full:https://registry.npmjs.org/@types%2fd3-path cache-miss
376 http cache https://registry.npmjs.org/@types%2fd3-time 7ms (cache hit)
377 silly packumentCache full:https://registry.npmjs.org/@types%2fd3-time set size:52652 disposed:false
378 silly fetch manifest internmap@1 - 2
379 silly packumentCache full:https://registry.npmjs.org/internmap cache-miss
380 http fetch GET 200 https://registry.npmjs.org/@types%2fd3-path 256ms (cache miss)
381 silly packumentCache full:https://registry.npmjs.org/@types%2fd3-path set size:undefined disposed:false
382 silly fetch manifest d3-color@1 - 3
383 silly packumentCache full:https://registry.npmjs.org/d3-color cache-miss
384 http fetch GET 200 https://registry.npmjs.org/internmap 249ms (cache miss)
385 silly packumentCache full:https://registry.npmjs.org/internmap set size:undefined disposed:false
386 silly fetch manifest d3-format@1 - 3
387 silly packumentCache full:https://registry.npmjs.org/d3-format cache-miss
388 http fetch GET 200 https://registry.npmjs.org/@types%2fd3-color 261ms (cache miss)
389 silly packumentCache full:https://registry.npmjs.org/@types%2fd3-color set size:undefined disposed:false
390 silly fetch manifest d3-time@2.1.1 - 3
391 silly packumentCache full:https://registry.npmjs.org/d3-time cache-miss
392 http cache https://registry.npmjs.org/d3-time 3ms (cache hit)
393 silly packumentCache full:https://registry.npmjs.org/d3-time set size:150406 disposed:false
394 silly fetch manifest d3-time-format@2 - 4
395 silly packumentCache full:https://registry.npmjs.org/d3-time-format cache-miss
396 http fetch GET 200 https://registry.npmjs.org/d3-color 208ms (cache miss)
397 silly packumentCache full:https://registry.npmjs.org/d3-color set size:undefined disposed:false
398 silly fetch manifest d3-path@^3.1.0
399 silly packumentCache full:https://registry.npmjs.org/d3-path cache-miss
400 http fetch GET 200 https://registry.npmjs.org/d3-format 209ms (cache miss)
401 silly packumentCache full:https://registry.npmjs.org/d3-format set size:undefined disposed:false
402 http fetch GET 200 https://registry.npmjs.org/d3-time-format 204ms (cache miss)
403 silly packumentCache full:https://registry.npmjs.org/d3-time-format set size:undefined disposed:false
404 http fetch GET 200 https://registry.npmjs.org/d3-path 219ms (cache miss)
405 silly packumentCache full:https://registry.npmjs.org/d3-path set size:undefined disposed:false
406 silly placeDep ROOT @types/d3-color@3.1.3 OK for: @types/d3-interpolate@3.0.4 want: *
407 silly placeDep ROOT @types/d3-path@3.1.1 OK for: @types/d3-shape@3.1.8 want: *
408 silly placeDep ROOT internmap@2.0.3 OK for: d3-array@3.2.4 want: 1 - 2
409 silly placeDep ROOT d3-color@3.1.0 OK for: d3-interpolate@3.0.1 want: 1 - 3
410 silly placeDep ROOT d3-format@3.1.2 OK for: d3-scale@4.0.2 want: 1 - 3
411 silly placeDep ROOT d3-time-format@4.1.0 OK for: d3-scale@4.0.2 want: 2 - 4
412 silly placeDep ROOT d3-path@3.1.0 OK for: d3-shape@3.2.0 want: ^3.1.0
413 silly reify moves {}
414 silly audit bulk request {
414 silly audit   '@babel/code-frame': [ '7.29.0' ],
414 silly audit   '@babel/compat-data': [ '7.29.3' ],
414 silly audit   '@babel/core': [ '7.29.0' ],
414 silly audit   '@babel/generator': [ '7.29.1' ],
414 silly audit   '@babel/helper-compilation-targets': [ '7.28.6' ],
414 silly audit   '@babel/helper-globals': [ '7.28.0' ],
414 silly audit   '@babel/helper-module-imports': [ '7.28.6' ],
414 silly audit   '@babel/helper-module-transforms': [ '7.28.6' ],
414 silly audit   '@babel/helper-string-parser': [ '7.27.1' ],
414 silly audit   '@babel/helper-validator-identifier': [ '7.28.5' ],
414 silly audit   '@babel/helper-validator-option': [ '7.27.1' ],
414 silly audit   '@babel/helpers': [ '7.29.2' ],
414 silly audit   '@babel/parser': [ '7.29.3' ],
414 silly audit   '@babel/template': [ '7.28.6' ],
414 silly audit   '@babel/traverse': [ '7.29.0' ],
414 silly audit   '@babel/types': [ '7.29.0' ],
414 silly audit   '@emnapi/core': [ '1.10.0' ],
414 silly audit   '@emnapi/runtime': [ '1.10.0' ],
414 silly audit   '@emnapi/wasi-threads': [ '1.2.1' ],
414 silly audit   '@eslint-community/eslint-utils': [ '4.9.1' ],
414 silly audit   'eslint-visitor-keys': [ '3.4.3', '5.0.1' ],
414 silly audit   '@eslint-community/regexpp': [ '4.12.2' ],
414 silly audit   '@eslint/config-array': [ '0.23.5' ],
414 silly audit   '@eslint/config-helpers': [ '0.5.5' ],
414 silly audit   '@eslint/core': [ '1.2.1' ],
414 silly audit   '@eslint/js': [ '10.0.1' ],
414 silly audit   '@eslint/object-schema': [ '3.0.5' ],
414 silly audit   '@eslint/plugin-kit': [ '0.7.1' ],
414 silly audit   '@humanfs/core': [ '0.19.2' ],
414 silly audit   '@humanfs/node': [ '0.16.8' ],
414 silly audit   '@humanfs/types': [ '0.15.0' ],
414 silly audit   '@humanwhocodes/module-importer': [ '1.0.1' ],
414 silly audit   '@humanwhocodes/retry': [ '0.4.3' ],
414 silly audit   '@jridgewell/gen-mapping': [ '0.3.13' ],
414 silly audit   '@jridgewell/remapping': [ '2.3.5' ],
414 silly audit   '@jridgewell/resolve-uri': [ '3.1.2' ],
414 silly audit   '@jridgewell/sourcemap-codec': [ '1.5.5' ],
414 silly audit   '@jridgewell/trace-mapping': [ '0.3.31' ],
414 silly audit   '@napi-rs/wasm-runtime': [ '1.1.4' ],
414 silly audit   '@oxc-project/types': [ '0.129.0' ],
414 silly audit   '@rolldown/binding-android-arm64': [ '1.0.0' ],
414 silly audit   '@rolldown/binding-darwin-arm64': [ '1.0.0' ],
414 silly audit   '@rolldown/binding-darwin-x64': [ '1.0.0' ],
414 silly audit   '@rolldown/binding-freebsd-x64': [ '1.0.0' ],
414 silly audit   '@rolldown/binding-linux-arm-gnueabihf': [ '1.0.0' ],
414 silly audit   '@rolldown/binding-linux-arm64-gnu': [ '1.0.0' ],
414 silly audit   '@rolldown/binding-linux-arm64-musl': [ '1.0.0' ],
414 silly audit   '@rolldown/binding-linux-ppc64-gnu': [ '1.0.0' ],
414 silly audit   '@rolldown/binding-linux-s390x-gnu': [ '1.0.0' ],
414 silly audit   '@rolldown/binding-linux-x64-gnu': [ '1.0.0' ],
414 silly audit   '@rolldown/binding-linux-x64-musl': [ '1.0.0' ],
414 silly audit   '@rolldown/binding-openharmony-arm64': [ '1.0.0' ],
414 silly audit   '@rolldown/binding-wasm32-wasi': [ '1.0.0' ],
414 silly audit   '@rolldown/binding-win32-arm64-msvc': [ '1.0.0' ],
414 silly audit   '@rolldown/binding-win32-x64-msvc': [ '1.0.0' ],
414 silly audit   '@rolldown/pluginutils': [ '1.0.0-rc.7', '1.0.0' ],
414 silly audit   '@tybys/wasm-util': [ '0.10.2' ],
414 silly audit   '@types/esrecurse': [ '4.3.1' ],
414 silly audit   '@types/estree': [ '1.0.9' ],
414 silly audit   '@types/json-schema': [ '7.0.15' ],
414 silly audit   '@types/react': [ '19.2.14' ],
414 silly audit   '@types/react-dom': [ '19.2.3' ],
414 silly audit   '@vitejs/plugin-react': [ '6.0.1' ],
414 silly audit   acorn: [ '8.16.0' ],
414 silly audit   'acorn-jsx': [ '5.3.2' ],
414 silly audit   ajv: [ '6.15.0' ],
414 silly audit   'balanced-match': [ '4.0.4' ],
414 silly audit   'baseline-browser-mapping': [ '2.10.29' ],
414 silly audit   'brace-expansion': [ '5.0.6' ],
414 silly audit   browserslist: [ '4.28.2' ],
414 silly audit   'caniuse-lite': [ '1.0.30001792' ],
414 silly audit   'convert-source-map': [ '2.0.0' ],
414 silly audit   'cross-spawn': [ '7.0.6' ],
414 silly audit   csstype: [ '3.2.3' ],
414 silly audit   debug: [ '4.4.3' ],
414 silly audit   'deep-is': [ '0.1.4' ],
414 silly audit   'detect-libc': [ '2.1.2' ],
414 silly audit   'electron-to-chromium': [ '1.5.353' ],
414 silly audit   escalade: [ '3.2.0' ],
414 silly audit   'escape-string-regexp': [ '4.0.0' ],
414 silly audit   eslint: [ '10.3.0' ],
414 silly audit   'eslint-plugin-react-hooks': [ '7.1.1' ],
414 silly audit   'eslint-plugin-react-refresh': [ '0.5.2' ],
414 silly audit   'eslint-scope': [ '9.1.2' ],
414 silly audit   espree: [ '11.2.0' ],
414 silly audit   esquery: [ '1.7.0' ],
414 silly audit   esrecurse: [ '4.3.0' ],
414 silly audit   estraverse: [ '5.3.0' ],
414 silly audit   esutils: [ '2.0.3' ],
414 silly audit   'fast-deep-equal': [ '3.1.3' ],
414 silly audit   'fast-json-stable-stringify': [ '2.1.0' ],
414 silly audit   'fast-levenshtein': [ '2.0.6' ],
414 silly audit   fdir: [ '6.5.0' ],
414 silly audit   'file-entry-cache': [ '8.0.0' ],
414 silly audit   'find-up': [ '5.0.0' ],
414 silly audit   'flat-cache': [ '4.0.1' ],
414 silly audit   flatted: [ '3.4.2' ],
414 silly audit   fsevents: [ '2.3.3' ],
414 silly audit   gensync: [ '1.0.0-beta.2' ],
414 silly audit   'glob-parent': [ '6.0.2' ],
414 silly audit   globals: [ '17.6.0' ],
414 silly audit   'hermes-estree': [ '0.25.1' ],
414 silly audit   'hermes-parser': [ '0.25.1' ],
414 silly audit   ignore: [ '5.3.2' ],
414 silly audit   imurmurhash: [ '0.1.4' ],
414 silly audit   'is-extglob': [ '2.1.1' ],
414 silly audit   'is-glob': [ '4.0.3' ],
414 silly audit   isexe: [ '2.0.0' ],
414 silly audit   'js-tokens': [ '4.0.0' ],
414 silly audit   jsesc: [ '3.1.0' ],
414 silly audit   'json-buffer': [ '3.0.1' ],
414 silly audit   'json-schema-traverse': [ '0.4.1' ],
414 silly audit   'json-stable-stringify-without-jsonify': [ '1.0.1' ],
414 silly audit   json5: [ '2.2.3' ],
414 silly audit   keyv: [ '4.5.4' ],
414 silly audit   levn: [ '0.4.1' ],
414 silly audit   lightningcss: [ '1.32.0' ],
414 silly audit   'lightningcss-android-arm64': [ '1.32.0' ],
414 silly audit   'lightningcss-darwin-arm64': [ '1.32.0' ],
414 silly audit   'lightningcss-darwin-x64': [ '1.32.0' ],
414 silly audit   'lightningcss-freebsd-x64': [ '1.32.0' ],
414 silly audit   'lightningcss-linux-arm-gnueabihf': [ '1.32.0' ],
414 silly audit   'lightningcss-linux-arm64-gnu': [ '1.32.0' ],
414 silly audit   'lightningcss-linux-arm64-musl': [ '1.32.0' ],
414 silly audit   'lightningcss-linux-x64-gnu': [ '1.32.0' ],
414 silly audit   'lightningcss-linux-x64-musl': [ '1.32.0' ],
414 silly audit   'lightningcss-win32-arm64-msvc': [ '1.32.0' ],
414 silly audit   'lightningcss-win32-x64-msvc': [ '1.32.0' ],
414 silly audit   'locate-path': [ '6.0.0' ],
414 silly audit   'lru-cache': [ '5.1.1' ],
414 silly audit   minimatch: [ '10.2.5' ],
414 silly audit   ms: [ '2.1.3' ],
414 silly audit   nanoid: [ '3.3.12' ],
414 silly audit   'natural-compare': [ '1.4.0' ],
414 silly audit   'node-releases': [ '2.0.38' ],
414 silly audit   optionator: [ '0.9.4' ],
414 silly audit   'p-limit': [ '3.1.0' ],
414 silly audit   'p-locate': [ '5.0.0' ],
414 silly audit   'path-exists': [ '4.0.0' ],
414 silly audit   'path-key': [ '3.1.1' ],
414 silly audit   picocolors: [ '1.1.1' ],
414 silly audit   picomatch: [ '4.0.4' ],
414 silly audit   postcss: [ '8.5.14' ],
414 silly audit   'prelude-ls': [ '1.2.1' ],
414 silly audit   punycode: [ '2.3.1' ],
414 silly audit   react: [ '19.2.6' ],
414 silly audit   'react-dom': [ '19.2.6' ],
414 silly audit   rolldown: [ '1.0.0' ],
414 silly audit   scheduler: [ '0.27.0' ],
414 silly audit   semver: [ '6.3.1' ],
414 silly audit   'shebang-command': [ '2.0.0' ],
414 silly audit   'shebang-regex': [ '3.0.0' ],
414 silly audit   'source-map-js': [ '1.2.1' ],
414 silly audit   tinyglobby: [ '0.2.16' ],
414 silly audit   tslib: [ '2.8.1' ],
414 silly audit   'type-check': [ '0.4.0' ],
414 silly audit   'update-browserslist-db': [ '1.2.3' ],
414 silly audit   'uri-js': [ '4.4.1' ],
414 silly audit   vite: [ '8.0.12' ],
414 silly audit   which: [ '2.0.2' ],
414 silly audit   'word-wrap': [ '1.2.5' ],
414 silly audit   yallist: [ '3.1.1' ],
414 silly audit   'yocto-queue': [ '0.1.0' ],
414 silly audit   zod: [ '4.4.3' ],
414 silly audit   'zod-validation-error': [ '4.0.2' ],
414 silly audit   '@tailwindcss/vite': [ '4.3.0' ],
414 silly audit   recharts: [ '3.8.1' ],
414 silly audit   'react-is': [ '19.2.6' ],
414 silly audit   tailwindcss: [ '4.3.0' ],
414 silly audit   '@tailwindcss/node': [ '4.3.0' ],
414 silly audit   '@tailwindcss/oxide': [ '4.3.0' ],
414 silly audit   'enhanced-resolve': [ '5.21.3' ],
414 silly audit   jiti: [ '2.7.0' ],
414 silly audit   'magic-string': [ '0.30.21' ],
414 silly audit   '@tailwindcss/oxide-android-arm64': [ '4.3.0' ],
414 silly audit   '@tailwindcss/oxide-darwin-arm64': [ '4.3.0' ],
414 silly audit   '@tailwindcss/oxide-darwin-x64': [ '4.3.0' ],
414 silly audit   '@tailwindcss/oxide-freebsd-x64': [ '4.3.0' ],
414 silly audit   '@tailwindcss/oxide-linux-arm-gnueabihf': [ '4.3.0' ],
414 silly audit   '@tailwindcss/oxide-linux-arm64-gnu': [ '4.3.0' ],
414 silly audit   '@tailwindcss/oxide-linux-arm64-musl': [ '4.3.0' ],
414 silly audit   '@tailwindcss/oxide-linux-x64-gnu': [ '4.3.0' ],
414 silly audit   '@tailwindcss/oxide-linux-x64-musl': [ '4.3.0' ],
414 silly audit   '@tailwindcss/oxide-wasm32-wasi': [ '4.3.0' ],
414 silly audit   '@tailwindcss/oxide-win32-arm64-msvc': [ '4.3.0' ],
414 silly audit   '@tailwindcss/oxide-win32-x64-msvc': [ '4.3.0' ],
414 silly audit   'graceful-fs': [ '4.2.11' ],
414 silly audit   tapable: [ '2.3.3' ],
414 silly audit   '@reduxjs/toolkit': [ '2.11.2' ],
414 silly audit   clsx: [ '2.1.1' ],
414 silly audit   'decimal.js-light': [ '2.5.1' ],
414 silly audit   'es-toolkit': [ '1.46.1' ],
414 silly audit   eventemitter3: [ '5.0.4' ],
414 silly audit   immer: [ '10.2.0', '11.1.8' ],
414 silly audit   'react-redux': [ '9.2.0' ],
414 silly audit   reselect: [ '5.1.1' ],
414 silly audit   'tiny-invariant': [ '1.3.3' ],
414 silly audit   'use-sync-external-store': [ '1.6.0' ],
414 silly audit   'victory-vendor': [ '37.3.6' ],
414 silly audit   '@standard-schema/spec': [ '1.1.0' ],
414 silly audit   '@standard-schema/utils': [ '0.3.0' ],
414 silly audit   redux: [ '5.0.1' ],
414 silly audit   'redux-thunk': [ '3.1.0' ],
414 silly audit   '@types/use-sync-external-store': [ '0.0.6' ],
414 silly audit   '@types/d3-array': [ '3.2.2' ],
414 silly audit   '@types/d3-ease': [ '3.0.2' ],
414 silly audit   '@types/d3-interpolate': [ '3.0.4' ],
414 silly audit   '@types/d3-scale': [ '4.0.9' ],
414 silly audit   '@types/d3-shape': [ '3.1.8' ],
414 silly audit   '@types/d3-time': [ '3.0.4' ],
414 silly audit   '@types/d3-timer': [ '3.0.2' ],
414 silly audit   'd3-array': [ '3.2.4' ],
414 silly audit   'd3-ease': [ '3.0.1' ],
414 silly audit   'd3-interpolate': [ '3.0.1' ],
414 silly audit   'd3-scale': [ '4.0.2' ],
414 silly audit   'd3-shape': [ '3.2.0' ],
414 silly audit   'd3-time': [ '3.1.0' ],
414 silly audit   'd3-timer': [ '3.0.1' ],
414 silly audit   '@types/d3-color': [ '3.1.3' ],
414 silly audit   '@types/d3-path': [ '3.1.1' ],
414 silly audit   internmap: [ '2.0.3' ],
414 silly audit   'd3-color': [ '3.1.0' ],
414 silly audit   'd3-format': [ '3.1.2' ],
414 silly audit   'd3-time-format': [ '4.1.0' ],
414 silly audit   'd3-path': [ '3.1.0' ]
414 silly audit }
415 http cache d3-time-format@https://registry.npmjs.org/d3-time-format/-/d3-time-format-4.1.0.tgz 0ms (cache hit)
416 http cache d3-format@https://registry.npmjs.org/d3-format/-/d3-format-3.1.2.tgz 0ms (cache hit)
417 http cache d3-path@https://registry.npmjs.org/d3-path/-/d3-path-3.1.0.tgz 0ms (cache hit)
418 http cache @types/d3-path@https://registry.npmjs.org/@types/d3-path/-/d3-path-3.1.1.tgz 0ms (cache hit)
419 http cache internmap@https://registry.npmjs.org/internmap/-/internmap-2.0.3.tgz 0ms (cache hit)
420 http cache @types/d3-color@https://registry.npmjs.org/@types/d3-color/-/d3-color-3.1.3.tgz 0ms (cache hit)
421 http cache d3-timer@https://registry.npmjs.org/d3-timer/-/d3-timer-3.0.1.tgz 0ms (cache hit)
422 http cache d3-time@https://registry.npmjs.org/d3-time/-/d3-time-3.1.0.tgz 0ms (cache hit)
423 http cache d3-shape@https://registry.npmjs.org/d3-shape/-/d3-shape-3.2.0.tgz 0ms (cache hit)
424 http cache d3-interpolate@https://registry.npmjs.org/d3-interpolate/-/d3-interpolate-3.0.1.tgz 0ms (cache hit)
425 http cache d3-scale@https://registry.npmjs.org/d3-scale/-/d3-scale-4.0.2.tgz 0ms (cache hit)
426 http cache d3-array@https://registry.npmjs.org/d3-array/-/d3-array-3.2.4.tgz 0ms (cache hit)
427 http cache d3-ease@https://registry.npmjs.org/d3-ease/-/d3-ease-3.0.1.tgz 0ms (cache hit)
428 http cache @types/d3-timer@https://registry.npmjs.org/@types/d3-timer/-/d3-timer-3.0.2.tgz 0ms (cache hit)
429 http cache @types/d3-time@https://registry.npmjs.org/@types/d3-time/-/d3-time-3.0.4.tgz 0ms (cache hit)
430 http cache @types/d3-scale@https://registry.npmjs.org/@types/d3-scale/-/d3-scale-4.0.9.tgz 0ms (cache hit)
431 http cache @types/d3-shape@https://registry.npmjs.org/@types/d3-shape/-/d3-shape-3.1.8.tgz 0ms (cache hit)
432 http cache @types/d3-interpolate@https://registry.npmjs.org/@types/d3-interpolate/-/d3-interpolate-3.0.4.tgz 0ms (cache hit)
433 http cache @types/d3-ease@https://registry.npmjs.org/@types/d3-ease/-/d3-ease-3.0.2.tgz 0ms (cache hit)
434 http cache @types/use-sync-external-store@https://registry.npmjs.org/@types/use-sync-external-store/-/use-sync-external-store-0.0.6.tgz 0ms (cache hit)
435 http cache @types/d3-array@https://registry.npmjs.org/@types/d3-array/-/d3-array-3.2.2.tgz 0ms (cache hit)
436 http cache redux-thunk@https://registry.npmjs.org/redux-thunk/-/redux-thunk-3.1.0.tgz 0ms (cache hit)
437 http cache @standard-schema/utils@https://registry.npmjs.org/@standard-schema/utils/-/utils-0.3.0.tgz 0ms (cache hit)
438 http cache @standard-schema/spec@https://registry.npmjs.org/@standard-schema/spec/-/spec-1.1.0.tgz 0ms (cache hit)
439 http cache victory-vendor@https://registry.npmjs.org/victory-vendor/-/victory-vendor-37.3.6.tgz 0ms (cache hit)
440 http cache use-sync-external-store@https://registry.npmjs.org/use-sync-external-store/-/use-sync-external-store-1.6.0.tgz 0ms (cache hit)
441 http cache tiny-invariant@https://registry.npmjs.org/tiny-invariant/-/tiny-invariant-1.3.3.tgz 0ms (cache hit)
442 http cache reselect@https://registry.npmjs.org/reselect/-/reselect-5.1.1.tgz 0ms (cache hit)
443 http cache react-redux@https://registry.npmjs.org/react-redux/-/react-redux-9.2.0.tgz 0ms (cache hit)
444 http cache immer@https://registry.npmjs.org/immer/-/immer-10.2.0.tgz 0ms (cache hit)
445 http cache eventemitter3@https://registry.npmjs.org/eventemitter3/-/eventemitter3-5.0.4.tgz 0ms (cache hit)
446 http cache es-toolkit@https://registry.npmjs.org/es-toolkit/-/es-toolkit-1.46.1.tgz 0ms (cache hit)
447 http cache decimal.js-light@https://registry.npmjs.org/decimal.js-light/-/decimal.js-light-2.5.1.tgz 0ms (cache hit)
448 http cache clsx@https://registry.npmjs.org/clsx/-/clsx-2.1.1.tgz 0ms (cache hit)
449 http cache @reduxjs/toolkit@https://registry.npmjs.org/@reduxjs/toolkit/-/toolkit-2.11.2.tgz 0ms (cache hit)
450 http cache tapable@https://registry.npmjs.org/tapable/-/tapable-2.3.3.tgz 0ms (cache hit)
451 http cache graceful-fs@https://registry.npmjs.org/graceful-fs/-/graceful-fs-4.2.11.tgz 0ms (cache hit)
452 http cache @tailwindcss/oxide-darwin-x64@https://registry.npmjs.org/@tailwindcss/oxide-darwin-x64/-/oxide-darwin-x64-4.3.0.tgz 0ms (cache hit)
453 http cache magic-string@https://registry.npmjs.org/magic-string/-/magic-string-0.30.21.tgz 0ms (cache hit)
454 http cache jiti@https://registry.npmjs.org/jiti/-/jiti-2.7.0.tgz 0ms (cache hit)
455 http cache enhanced-resolve@https://registry.npmjs.org/enhanced-resolve/-/enhanced-resolve-5.21.3.tgz 0ms (cache hit)
456 http cache @tailwindcss/oxide@https://registry.npmjs.org/@tailwindcss/oxide/-/oxide-4.3.0.tgz 0ms (cache hit)
457 http cache @tailwindcss/node@https://registry.npmjs.org/@tailwindcss/node/-/node-4.3.0.tgz 0ms (cache hit)
458 http cache react-is@https://registry.npmjs.org/react-is/-/react-is-19.2.6.tgz 0ms (cache hit)
459 http cache tailwindcss@https://registry.npmjs.org/tailwindcss/-/tailwindcss-4.3.0.tgz 0ms (cache hit)
460 http cache recharts@https://registry.npmjs.org/recharts/-/recharts-3.8.1.tgz 0ms (cache hit)
461 http cache @tailwindcss/vite@https://registry.npmjs.org/@tailwindcss/vite/-/vite-4.3.0.tgz 0ms (cache hit)
462 http cache fsevents@https://registry.npmjs.org/fsevents/-/fsevents-2.3.3.tgz 0ms (cache hit)
463 http cache tslib@https://registry.npmjs.org/tslib/-/tslib-2.8.1.tgz 0ms (cache hit)
464 http cache @tybys/wasm-util@https://registry.npmjs.org/@tybys/wasm-util/-/wasm-util-0.10.2.tgz 0ms (cache hit)
465 http cache @napi-rs/wasm-runtime@https://registry.npmjs.org/@napi-rs/wasm-runtime/-/wasm-runtime-1.1.4.tgz 0ms (cache hit)
466 http cache @emnapi/wasi-threads@https://registry.npmjs.org/@emnapi/wasi-threads/-/wasi-threads-1.2.1.tgz 0ms (cache hit)
467 http cache @emnapi/runtime@https://registry.npmjs.org/@emnapi/runtime/-/runtime-1.10.0.tgz 0ms (cache hit)
468 http cache @emnapi/core@https://registry.npmjs.org/@emnapi/core/-/core-1.10.0.tgz 0ms (cache hit)
469 http cache immer@https://registry.npmjs.org/immer/-/immer-11.1.8.tgz 0ms (cache hit)
470 http cache redux@https://registry.npmjs.org/redux/-/redux-5.0.1.tgz 0ms (cache hit)
471 http cache d3-color@https://registry.npmjs.org/d3-color/-/d3-color-3.1.0.tgz 0ms (cache hit)
472 silly tarball no local data for d3-time-format@https://registry.npmjs.org/d3-time-format/-/d3-time-format-4.1.0.tgz. Extracting by manifest.
473 silly tarball no local data for d3-format@https://registry.npmjs.org/d3-format/-/d3-format-3.1.2.tgz. Extracting by manifest.
474 silly tarball no local data for d3-path@https://registry.npmjs.org/d3-path/-/d3-path-3.1.0.tgz. Extracting by manifest.
475 silly tarball no local data for @types/d3-path@https://registry.npmjs.org/@types/d3-path/-/d3-path-3.1.1.tgz. Extracting by manifest.
476 silly tarball no local data for internmap@https://registry.npmjs.org/internmap/-/internmap-2.0.3.tgz. Extracting by manifest.
477 silly tarball no local data for @types/d3-color@https://registry.npmjs.org/@types/d3-color/-/d3-color-3.1.3.tgz. Extracting by manifest.
478 silly tarball no local data for d3-timer@https://registry.npmjs.org/d3-timer/-/d3-timer-3.0.1.tgz. Extracting by manifest.
479 silly tarball no local data for d3-time@https://registry.npmjs.org/d3-time/-/d3-time-3.1.0.tgz. Extracting by manifest.
480 silly tarball no local data for d3-shape@https://registry.npmjs.org/d3-shape/-/d3-shape-3.2.0.tgz. Extracting by manifest.
481 silly tarball no local data for d3-interpolate@https://registry.npmjs.org/d3-interpolate/-/d3-interpolate-3.0.1.tgz. Extracting by manifest.
482 silly tarball no local data for d3-scale@https://registry.npmjs.org/d3-scale/-/d3-scale-4.0.2.tgz. Extracting by manifest.
483 silly tarball no local data for d3-array@https://registry.npmjs.org/d3-array/-/d3-array-3.2.4.tgz. Extracting by manifest.
484 silly tarball no local data for d3-ease@https://registry.npmjs.org/d3-ease/-/d3-ease-3.0.1.tgz. Extracting by manifest.
485 silly tarball no local data for @types/d3-timer@https://registry.npmjs.org/@types/d3-timer/-/d3-timer-3.0.2.tgz. Extracting by manifest.
486 silly tarball no local data for @types/d3-time@https://registry.npmjs.org/@types/d3-time/-/d3-time-3.0.4.tgz. Extracting by manifest.
487 silly tarball no local data for @types/d3-scale@https://registry.npmjs.org/@types/d3-scale/-/d3-scale-4.0.9.tgz. Extracting by manifest.
488 silly tarball no local data for @types/d3-shape@https://registry.npmjs.org/@types/d3-shape/-/d3-shape-3.1.8.tgz. Extracting by manifest.
489 silly tarball no local data for @types/d3-interpolate@https://registry.npmjs.org/@types/d3-interpolate/-/d3-interpolate-3.0.4.tgz. Extracting by manifest.
490 silly tarball no local data for @types/d3-ease@https://registry.npmjs.org/@types/d3-ease/-/d3-ease-3.0.2.tgz. Extracting by manifest.
491 silly tarball no local data for @types/use-sync-external-store@https://registry.npmjs.org/@types/use-sync-external-store/-/use-sync-external-store-0.0.6.tgz. Extracting by manifest.
492 silly tarball no local data for @types/d3-array@https://registry.npmjs.org/@types/d3-array/-/d3-array-3.2.2.tgz. Extracting by manifest.
493 silly tarball no local data for redux-thunk@https://registry.npmjs.org/redux-thunk/-/redux-thunk-3.1.0.tgz. Extracting by manifest.
494 silly tarball no local data for @standard-schema/utils@https://registry.npmjs.org/@standard-schema/utils/-/utils-0.3.0.tgz. Extracting by manifest.
495 silly tarball no local data for @standard-schema/spec@https://registry.npmjs.org/@standard-schema/spec/-/spec-1.1.0.tgz. Extracting by manifest.
496 silly tarball no local data for victory-vendor@https://registry.npmjs.org/victory-vendor/-/victory-vendor-37.3.6.tgz. Extracting by manifest.
497 silly tarball no local data for use-sync-external-store@https://registry.npmjs.org/use-sync-external-store/-/use-sync-external-store-1.6.0.tgz. Extracting by manifest.
498 silly tarball no local data for tiny-invariant@https://registry.npmjs.org/tiny-invariant/-/tiny-invariant-1.3.3.tgz. Extracting by manifest.
499 silly tarball no local data for reselect@https://registry.npmjs.org/reselect/-/reselect-5.1.1.tgz. Extracting by manifest.
500 silly tarball no local data for react-redux@https://registry.npmjs.org/react-redux/-/react-redux-9.2.0.tgz. Extracting by manifest.
501 silly tarball no local data for immer@https://registry.npmjs.org/immer/-/immer-10.2.0.tgz. Extracting by manifest.
502 silly tarball no local data for eventemitter3@https://registry.npmjs.org/eventemitter3/-/eventemitter3-5.0.4.tgz. Extracting by manifest.
503 silly tarball no local data for es-toolkit@https://registry.npmjs.org/es-toolkit/-/es-toolkit-1.46.1.tgz. Extracting by manifest.
504 silly tarball no local data for decimal.js-light@https://registry.npmjs.org/decimal.js-light/-/decimal.js-light-2.5.1.tgz. Extracting by manifest.
505 silly tarball no local data for clsx@https://registry.npmjs.org/clsx/-/clsx-2.1.1.tgz. Extracting by manifest.
506 silly tarball no local data for @reduxjs/toolkit@https://registry.npmjs.org/@reduxjs/toolkit/-/toolkit-2.11.2.tgz. Extracting by manifest.
507 silly tarball no local data for tapable@https://registry.npmjs.org/tapable/-/tapable-2.3.3.tgz. Extracting by manifest.
508 silly tarball no local data for graceful-fs@https://registry.npmjs.org/graceful-fs/-/graceful-fs-4.2.11.tgz. Extracting by manifest.
509 silly tarball no local data for @tailwindcss/oxide-darwin-x64@https://registry.npmjs.org/@tailwindcss/oxide-darwin-x64/-/oxide-darwin-x64-4.3.0.tgz. Extracting by manifest.
510 silly tarball no local data for magic-string@https://registry.npmjs.org/magic-string/-/magic-string-0.30.21.tgz. Extracting by manifest.
511 silly tarball no local data for jiti@https://registry.npmjs.org/jiti/-/jiti-2.7.0.tgz. Extracting by manifest.
512 silly tarball no local data for enhanced-resolve@https://registry.npmjs.org/enhanced-resolve/-/enhanced-resolve-5.21.3.tgz. Extracting by manifest.
513 silly tarball no local data for @tailwindcss/oxide@https://registry.npmjs.org/@tailwindcss/oxide/-/oxide-4.3.0.tgz. Extracting by manifest.
514 silly tarball no local data for @tailwindcss/node@https://registry.npmjs.org/@tailwindcss/node/-/node-4.3.0.tgz. Extracting by manifest.
515 silly tarball no local data for react-is@https://registry.npmjs.org/react-is/-/react-is-19.2.6.tgz. Extracting by manifest.
516 silly tarball no local data for tailwindcss@https://registry.npmjs.org/tailwindcss/-/tailwindcss-4.3.0.tgz. Extracting by manifest.
517 silly tarball no local data for recharts@https://registry.npmjs.org/recharts/-/recharts-3.8.1.tgz. Extracting by manifest.
518 silly tarball no local data for @tailwindcss/vite@https://registry.npmjs.org/@tailwindcss/vite/-/vite-4.3.0.tgz. Extracting by manifest.
519 silly tarball no local data for tslib@https://registry.npmjs.org/tslib/-/tslib-2.8.1.tgz. Extracting by manifest.
520 silly tarball no local data for @tybys/wasm-util@https://registry.npmjs.org/@tybys/wasm-util/-/wasm-util-0.10.2.tgz. Extracting by manifest.
521 silly tarball no local data for @napi-rs/wasm-runtime@https://registry.npmjs.org/@napi-rs/wasm-runtime/-/wasm-runtime-1.1.4.tgz. Extracting by manifest.
522 silly tarball no local data for @emnapi/wasi-threads@https://registry.npmjs.org/@emnapi/wasi-threads/-/wasi-threads-1.2.1.tgz. Extracting by manifest.
523 silly tarball no local data for @emnapi/runtime@https://registry.npmjs.org/@emnapi/runtime/-/runtime-1.10.0.tgz. Extracting by manifest.
524 silly tarball no local data for @emnapi/core@https://registry.npmjs.org/@emnapi/core/-/core-1.10.0.tgz. Extracting by manifest.
525 silly tarball no local data for immer@https://registry.npmjs.org/immer/-/immer-11.1.8.tgz. Extracting by manifest.
526 silly tarball no local data for redux@https://registry.npmjs.org/redux/-/redux-5.0.1.tgz. Extracting by manifest.
527 silly tarball no local data for d3-color@https://registry.npmjs.org/d3-color/-/d3-color-3.1.0.tgz. Extracting by manifest.
528 http fetch POST 200 https://registry.npmjs.org/-/npm/v1/security/advisories/bulk 261ms
529 silly audit report {}
530 http fetch GET 200 https://registry.npmjs.org/d3-time-format/-/d3-time-format-4.1.0.tgz 242ms (cache miss)
531 http fetch GET 200 https://registry.npmjs.org/d3-format/-/d3-format-3.1.2.tgz 257ms (cache miss)
532 http fetch GET 200 https://registry.npmjs.org/@types/d3-time/-/d3-time-3.0.4.tgz 454ms (cache miss)
533 http fetch GET 200 https://registry.npmjs.org/@types/d3-scale/-/d3-scale-4.0.9.tgz 454ms (cache miss)
534 http fetch GET 200 https://registry.npmjs.org/@types/d3-shape/-/d3-shape-3.1.8.tgz 522ms (cache miss)
535 http fetch GET 200 https://registry.npmjs.org/@types/d3-interpolate/-/d3-interpolate-3.0.4.tgz 623ms (cache miss)
536 http fetch GET 200 https://registry.npmjs.org/@types/use-sync-external-store/-/use-sync-external-store-0.0.6.tgz 733ms (cache miss)
537 http fetch GET 200 https://registry.npmjs.org/@types/d3-color/-/d3-color-3.1.3.tgz 765ms (cache miss)
538 http fetch GET 200 https://registry.npmjs.org/d3-path/-/d3-path-3.1.0.tgz 769ms (cache miss)
539 http fetch GET 200 https://registry.npmjs.org/@types/d3-ease/-/d3-ease-3.0.2.tgz 765ms (cache miss)
540 http fetch GET 200 https://registry.npmjs.org/d3-timer/-/d3-timer-3.0.1.tgz 771ms (cache miss)
541 http fetch GET 200 https://registry.npmjs.org/internmap/-/internmap-2.0.3.tgz 775ms (cache miss)
542 http fetch GET 200 https://registry.npmjs.org/@types/d3-timer/-/d3-timer-3.0.2.tgz 770ms (cache miss)
543 http fetch GET 200 https://registry.npmjs.org/@types/d3-path/-/d3-path-3.1.1.tgz 779ms (cache miss)
544 http fetch GET 200 https://registry.npmjs.org/@types/d3-array/-/d3-array-3.2.2.tgz 800ms (cache miss)
545 http fetch GET 200 https://registry.npmjs.org/d3-ease/-/d3-ease-3.0.1.tgz 807ms (cache miss)
546 http fetch GET 200 https://registry.npmjs.org/d3-time/-/d3-time-3.1.0.tgz 812ms (cache miss)
547 http fetch GET 200 https://registry.npmjs.org/@standard-schema/utils/-/utils-0.3.0.tgz 990ms (cache miss)
548 http fetch GET 200 https://registry.npmjs.org/d3-scale/-/d3-scale-4.0.2.tgz 996ms (cache miss)
549 http fetch GET 200 https://registry.npmjs.org/d3-interpolate/-/d3-interpolate-3.0.1.tgz 1008ms (cache miss)
550 http fetch GET 200 https://registry.npmjs.org/@standard-schema/spec/-/spec-1.1.0.tgz 1019ms (cache miss)
551 http fetch GET 200 https://registry.npmjs.org/clsx/-/clsx-2.1.1.tgz 1046ms (cache miss)
552 http fetch GET 200 https://registry.npmjs.org/redux-thunk/-/redux-thunk-3.1.0.tgz 1058ms (cache miss)
553 http fetch GET 200 https://registry.npmjs.org/graceful-fs/-/graceful-fs-4.2.11.tgz 1057ms (cache miss)
554 http fetch GET 200 https://registry.npmjs.org/tiny-invariant/-/tiny-invariant-1.3.3.tgz 1120ms (cache miss)
555 http fetch GET 200 https://registry.npmjs.org/@tailwindcss/oxide/-/oxide-4.3.0.tgz 1256ms (cache miss)
556 http fetch GET 200 https://registry.npmjs.org/eventemitter3/-/eventemitter3-5.0.4.tgz 1276ms (cache miss)
557 http fetch GET 200 https://registry.npmjs.org/react-is/-/react-is-19.2.6.tgz 1278ms (cache miss)
558 http fetch GET 200 https://registry.npmjs.org/use-sync-external-store/-/use-sync-external-store-1.6.0.tgz 1314ms (cache miss)
559 http fetch GET 200 https://registry.npmjs.org/@tailwindcss/vite/-/vite-4.3.0.tgz 1361ms (cache miss)
560 http fetch GET 200 https://registry.npmjs.org/decimal.js-light/-/decimal.js-light-2.5.1.tgz 1402ms (cache miss)
561 http fetch GET 200 https://registry.npmjs.org/tapable/-/tapable-2.3.3.tgz 1405ms (cache miss)
562 http fetch GET 200 https://registry.npmjs.org/tslib/-/tslib-2.8.1.tgz 1416ms (cache miss)
563 http fetch GET 200 https://registry.npmjs.org/@tailwindcss/node/-/node-4.3.0.tgz 1479ms (cache miss)
564 http fetch GET 200 https://registry.npmjs.org/d3-color/-/d3-color-3.1.0.tgz 1647ms (cache miss)
565 http fetch GET 200 https://registry.npmjs.org/magic-string/-/magic-string-0.30.21.tgz 1677ms (cache miss)
566 http fetch GET 200 https://registry.npmjs.org/@emnapi/wasi-threads/-/wasi-threads-1.2.1.tgz 1693ms (cache miss)
567 http fetch GET 200 https://registry.npmjs.org/@emnapi/runtime/-/runtime-1.10.0.tgz 1713ms (cache miss)
568 http fetch GET 200 https://registry.npmjs.org/d3-array/-/d3-array-3.2.4.tgz 1775ms (cache miss)
569 http fetch GET 200 https://registry.npmjs.org/reselect/-/reselect-5.1.1.tgz 1977ms (cache miss)
570 http fetch GET 200 https://registry.npmjs.org/redux/-/redux-5.0.1.tgz 1998ms (cache miss)
571 http fetch GET 200 https://registry.npmjs.org/tailwindcss/-/tailwindcss-4.3.0.tgz 2017ms (cache miss)
572 http fetch GET 200 https://registry.npmjs.org/immer/-/immer-10.2.0.tgz 2074ms (cache miss)
573 http fetch GET 200 https://registry.npmjs.org/d3-shape/-/d3-shape-3.2.0.tgz 2089ms (cache miss)
574 http fetch GET 200 https://registry.npmjs.org/jiti/-/jiti-2.7.0.tgz 2074ms (cache miss)
575 http fetch GET 200 https://registry.npmjs.org/@emnapi/core/-/core-1.10.0.tgz 2103ms (cache miss)
576 http fetch GET 200 https://registry.npmjs.org/enhanced-resolve/-/enhanced-resolve-5.21.3.tgz 2137ms (cache miss)
577 http fetch GET 200 https://registry.npmjs.org/immer/-/immer-11.1.8.tgz 2134ms (cache miss)
578 http fetch GET 200 https://registry.npmjs.org/@tailwindcss/oxide-darwin-x64/-/oxide-darwin-x64-4.3.0.tgz 2149ms (cache miss)
579 http fetch GET 200 https://registry.npmjs.org/react-redux/-/react-redux-9.2.0.tgz 2297ms (cache miss)
580 http fetch GET 200 https://registry.npmjs.org/@tybys/wasm-util/-/wasm-util-0.10.2.tgz 2318ms (cache miss)
581 http fetch GET 200 https://registry.npmjs.org/@napi-rs/wasm-runtime/-/wasm-runtime-1.1.4.tgz 2376ms (cache miss)
582 http fetch GET 200 https://registry.npmjs.org/victory-vendor/-/victory-vendor-37.3.6.tgz 3167ms (cache miss)
583 http fetch GET 200 https://registry.npmjs.org/@reduxjs/toolkit/-/toolkit-2.11.2.tgz 3185ms (cache miss)
584 http fetch GET 200 https://registry.npmjs.org/recharts/-/recharts-3.8.1.tgz 4375ms (cache miss)
585 http fetch GET 200 https://registry.npmjs.org/es-toolkit/-/es-toolkit-1.46.1.tgz 7076ms (cache miss)
586 silly ADD node_modules/d3-path
587 silly ADD node_modules/d3-time-format
588 silly ADD node_modules/d3-format
589 silly ADD node_modules/d3-color
590 silly ADD node_modules/internmap
591 silly ADD node_modules/@types/d3-path
592 silly ADD node_modules/@types/d3-color
593 silly ADD node_modules/d3-timer
594 silly ADD node_modules/d3-time
595 silly ADD node_modules/d3-shape
596 silly ADD node_modules/d3-scale
597 silly ADD node_modules/d3-interpolate
598 silly ADD node_modules/d3-ease
599 silly ADD node_modules/d3-array
600 silly ADD node_modules/@types/d3-timer
601 silly ADD node_modules/@types/d3-time
602 silly ADD node_modules/@types/d3-shape
603 silly ADD node_modules/@types/d3-scale
604 silly ADD node_modules/@types/d3-interpolate
605 silly ADD node_modules/@types/d3-ease
606 silly ADD node_modules/@types/d3-array
607 silly ADD node_modules/@types/use-sync-external-store
608 silly ADD node_modules/redux-thunk
609 silly ADD node_modules/redux
610 silly ADD node_modules/@standard-schema/utils
611 silly ADD node_modules/@standard-schema/spec
612 silly ADD node_modules/victory-vendor
613 silly ADD node_modules/use-sync-external-store
614 silly ADD node_modules/tiny-invariant
615 silly ADD node_modules/reselect
616 silly ADD node_modules/react-redux
617 silly ADD node_modules/immer
618 silly ADD node_modules/eventemitter3
619 silly ADD node_modules/es-toolkit
620 silly ADD node_modules/decimal.js-light
621 silly ADD node_modules/clsx
622 silly ADD node_modules/@reduxjs/toolkit
623 silly ADD node_modules/@reduxjs/toolkit/node_modules/immer
624 silly ADD node_modules/tapable
625 silly ADD node_modules/graceful-fs
626 silly ADD node_modules/@tailwindcss/oxide-darwin-x64
627 silly ADD node_modules/magic-string
628 silly ADD node_modules/jiti
629 silly ADD node_modules/enhanced-resolve
630 silly ADD node_modules/@tailwindcss/oxide
631 silly ADD node_modules/@tailwindcss/node
632 silly ADD node_modules/tailwindcss
633 silly ADD node_modules/react-is
634 silly ADD node_modules/recharts
635 silly ADD node_modules/@tailwindcss/vite
636 silly ADD node_modules/tslib
637 silly ADD node_modules/fsevents
638 silly ADD node_modules/@tybys/wasm-util
639 silly ADD node_modules/@napi-rs/wasm-runtime
640 silly ADD node_modules/@emnapi/wasi-threads
641 silly ADD node_modules/@emnapi/runtime
642 silly ADD node_modules/@emnapi/core
643 verbose cwd /Users/gustavo/Documents/mds/2026-1-Squad4-Dito_e_Feito/analytics/frontend
644 verbose os Darwin 21.6.0
645 verbose node v24.14.0
646 verbose npm  v11.9.0
647 verbose exit 0
648 info ok
