0 verbose cli /usr/local/bin/node /usr/local/lib/node_modules/npm/bin/npm-cli.js
1 info using npm@11.9.0
2 info using node@v24.14.0
3 silly config load:file:/usr/local/lib/node_modules/npm/npmrc
4 silly config load:file:/Users/gustavo/Documents/mds/2026-1-Squad4-Dito_e_Feito/.npmrc
5 silly config load:file:/Users/gustavo/.npmrc
6 silly config load:file:/usr/local/etc/npmrc
7 verbose title npm exec create-vite@latest /Users/gustavo/Documents/mds/2026-1-Squad4-Dito_e_Feito/analytics/frontend --no-interactive --template react
8 verbose argv "exec" "--yes" "--" "create-vite@latest" "/Users/gustavo/Documents/mds/2026-1-Squad4-Dito_e_Feito/analytics/frontend" "--no-interactive" "--template" "react"
9 verbose logfile logs-max:10 dir:/Users/gustavo/Documents/mds/2026-1-Squad4-Dito_e_Feito/.npm-cache/_logs/2026-05-12T00_53_39_682Z-
10 verbose logfile /Users/gustavo/Documents/mds/2026-1-Squad4-Dito_e_Feito/.npm-cache/_logs/2026-05-12T00_53_39_682Z-debug-0.log
11 silly logfile done cleaning log files
12 silly packumentCache heap:2348810240 maxSize:587202560 maxEntrySize:293601280
13 http fetch GET 200 https://registry.npmjs.org/create-vite 1128ms (cache revalidated)
14 silly packumentCache heap:2348810240 maxSize:587202560 maxEntrySize:293601280
15 silly packumentCache heap:2348810240 maxSize:587202560 maxEntrySize:293601280
16 verbose cwd /Users/gustavo/Documents/mds/2026-1-Squad4-Dito_e_Feito
17 verbose os Darwin 21.6.0
18 verbose node v24.14.0
19 verbose npm  v11.9.0
20 verbose exit 0
21 info ok
