0 verbose cli /usr/local/bin/node /usr/local/bin/npm
1 info using npm@11.9.0
2 info using node@v24.14.0
3 silly config load:file:/usr/local/lib/node_modules/npm/npmrc
4 silly config load:file:/Users/gustavo/Library/Caches/typescript/6.0/.npmrc
5 silly config load:file:/Users/gustavo/.npmrc
6 silly config load:file:/usr/local/etc/npmrc
7 verbose title npm install types-registry@latest
8 verbose argv "install" "--ignore-scripts" "types-registry@latest"
9 verbose logfile logs-max:10 dir:/Users/gustavo/Documents/mds/2026-1-Squad4-Dito_e_Feito/.npm-cache/_logs/2026-04-29T16_28_10_444Z-
10 verbose logfile /Users/gustavo/Documents/mds/2026-1-Squad4-Dito_e_Feito/.npm-cache/_logs/2026-04-29T16_28_10_444Z-debug-0.log
11 silly logfile done cleaning log files
12 silly packumentCache heap:2348810240 maxSize:587202560 maxEntrySize:293601280
13 silly packumentCache corgi:https://registry.npmjs.org/types-registry cache-miss
14 http fetch GET 200 https://registry.npmjs.org/npm 1031ms
15 http fetch GET 200 https://registry.npmjs.org/types-registry 1056ms (cache miss)
16 silly packumentCache corgi:https://registry.npmjs.org/types-registry set size:undefined disposed:false
17 silly idealTree buildDeps
18 silly fetch manifest types-registry@0.1.767
19 silly packumentCache full:https://registry.npmjs.org/types-registry cache-miss
20 http fetch GET 200 https://registry.npmjs.org/types-registry 465ms (cache miss)
21 silly packumentCache full:https://registry.npmjs.org/types-registry set size:undefined disposed:false
22 silly placeDep ROOT types-registry@0.1.767 REPLACE for:  want: 0.1.767
23 silly reify mark retired [
23 silly reify   '/Users/gustavo/Library/Caches/typescript/6.0/node_modules/types-registry'
23 silly reify ]
24 silly reify moves {
24 silly reify   '/Users/gustavo/Library/Caches/typescript/6.0/node_modules/types-registry': '/Users/gustavo/Library/Caches/typescript/6.0/node_modules/.types-registry-cOGKpniY'
24 silly reify }
25 silly audit bulk request {
25 silly audit   '@types/react': [ '19.2.14' ],
25 silly audit   csstype: [ '3.2.3' ],
25 silly audit   'types-registry': [ '0.1.767' ]
25 silly audit }
26 http cache types-registry@https://registry.npmjs.org/types-registry/-/types-registry-0.1.767.tgz 0ms (cache hit)
27 silly tarball no local data for types-registry@https://registry.npmjs.org/types-registry/-/types-registry-0.1.767.tgz. Extracting by manifest.
28 http fetch POST 200 https://registry.npmjs.org/-/npm/v1/security/advisories/bulk 598ms
29 silly audit report {}
30 http fetch GET 200 https://registry.npmjs.org/types-registry/-/types-registry-0.1.767.tgz 593ms (cache miss)
31 silly CHANGE node_modules/types-registry
32 verbose cwd /Users/gustavo/Library/Caches/typescript/6.0
33 verbose os Darwin 21.6.0
34 verbose node v24.14.0
35 verbose npm  v11.9.0
36 notice
36 notice New minor version of npm available! 11.9.0 -> 11.13.0
36 notice Changelog: https://github.com/npm/cli/releases/tag/v11.13.0
36 notice To update run: npm install -g npm@11.13.0
36 notice  { force: true, Symbol(proc-log.meta): true }
37 verbose exit 0
38 info ok
