0 verbose cli /usr/local/bin/node /usr/local/bin/npm
1 info using npm@11.9.0
2 info using node@v24.14.0
3 silly config load:file:/usr/local/lib/node_modules/npm/npmrc
4 silly config load:file:/Users/gustavo/Library/Caches/typescript/5.9/.npmrc
5 silly config load:file:/Users/gustavo/.npmrc
6 silly config load:file:/usr/local/etc/npmrc
7 verbose title npm install types-registry@latest
8 verbose argv "install" "--ignore-scripts" "types-registry@latest"
9 verbose logfile logs-max:10 dir:/Users/gustavo/Documents/mds/2026-1-Squad4-Dito_e_Feito/.npm-cache/_logs/2026-05-12T19_59_04_393Z-
10 verbose logfile /Users/gustavo/Documents/mds/2026-1-Squad4-Dito_e_Feito/.npm-cache/_logs/2026-05-12T19_59_04_393Z-debug-0.log
11 silly logfile start cleaning logs, removing 1 files
12 silly packumentCache heap:2348810240 maxSize:587202560 maxEntrySize:293601280
13 silly logfile done cleaning log files
14 silly packumentCache corgi:https://registry.npmjs.org/types-registry cache-miss
15 http cache https://registry.npmjs.org/types-registry 113ms (cache hit)
16 silly packumentCache corgi:https://registry.npmjs.org/types-registry set size:624232 disposed:false
17 silly idealTree buildDeps
18 silly fetch manifest types-registry@0.1.769
19 silly packumentCache full:https://registry.npmjs.org/types-registry cache-miss
20 http cache https://registry.npmjs.org/types-registry 368ms (cache hit)
21 silly packumentCache full:https://registry.npmjs.org/types-registry set size:1350875 disposed:false
22 silly placeDep ROOT types-registry@0.1.769 REPLACE for:  want: 0.1.769
23 silly reify moves {}
24 silly audit bulk request {
24 silly audit   '@types/accepts': [ '1.3.7' ],
24 silly audit   '@types/bcrypt': [ '6.0.0' ],
24 silly audit   '@types/body-parser': [ '1.19.6' ],
24 silly audit   '@types/braces': [ '3.0.5' ],
24 silly audit   '@types/bytes': [ '3.1.5' ],
24 silly audit   '@types/connect': [ '3.4.38' ],
24 silly audit   '@types/content-disposition': [ '0.5.9' ],
24 silly audit   '@types/content-type': [ '1.1.9' ],
24 silly audit   '@types/cookie-signature': [ '1.1.2' ],
24 silly audit   '@types/debug': [ '4.1.13' ],
24 silly audit   '@types/depd': [ '1.1.37' ],
24 silly audit   '@types/ee-first': [ '1.1.3' ],
24 silly audit   '@types/encodeurl': [ '1.0.3' ],
24 silly audit   '@types/escape-html': [ '1.0.4' ],
24 silly audit   '@types/etag': [ '1.8.4' ],
24 silly audit   '@types/express': [ '5.0.6' ],
24 silly audit   '@types/express-serve-static-core': [ '5.1.1' ],
24 silly audit   '@types/express-session': [ '1.18.2' ],
24 silly audit   '@types/fill-range': [ '7.0.3' ],
24 silly audit   '@types/finalhandler': [ '1.2.4' ],
24 silly audit   '@types/forwarded': [ '0.1.4' ],
24 silly audit   '@types/fresh': [ '0.5.3' ],
24 silly audit   '@types/function-bind': [ '1.1.10' ],
24 silly audit   '@types/get-intrinsic': [ '1.2.3' ],
24 silly audit   '@types/glob-parent': [ '5.1.3' ],
24 silly audit   '@types/gopd': [ '1.0.3' ],
24 silly audit   '@types/http-errors': [ '2.0.5' ],
24 silly audit   '@types/ignore-by-default': [ '0.0.0' ],
24 silly audit   '@types/inherits': [ '2.0.0' ],
24 silly audit   '@types/is-extglob': [ '2.1.0' ],
24 silly audit   '@types/is-glob': [ '4.0.4' ],
24 silly audit   '@types/is-number': [ '7.0.5' ],
24 silly audit   '@types/jsonwebtoken': [ '9.0.10' ],
24 silly audit   '@types/jws': [ '3.2.11' ],
24 silly audit   '@types/less': [ '3.0.8' ],
24 silly audit   '@types/lodash': [ '4.17.24' ],
24 silly audit   '@types/lodash.includes': [ '4.3.9' ],
24 silly audit   '@types/lodash.isboolean': [ '3.0.9' ],
24 silly audit   '@types/lodash.isinteger': [ '4.0.9' ],
24 silly audit   '@types/lodash.isnumber': [ '3.0.9' ],
24 silly audit   '@types/lodash.isplainobject': [ '4.0.9' ],
24 silly audit   '@types/lodash.isstring': [ '4.0.9' ],
24 silly audit   '@types/lodash.once': [ '4.1.9' ],
24 silly audit   '@types/media-typer': [ '1.1.3' ],
24 silly audit   '@types/mime-db': [ '1.43.6' ],
24 silly audit   '@types/mime-types': [ '3.0.1' ],
24 silly audit   '@types/ms': [ '2.1.0' ],
24 silly audit   '@types/negotiator': [ '0.6.4' ],
24 silly audit   '@types/node': [ '25.5.0' ],
24 silly audit   '@types/normalize-path': [ '3.0.2' ],
24 silly audit   '@types/object-inspect': [ '1.13.0' ],
24 silly audit   '@types/on-finished': [ '2.3.5' ],
24 silly audit   '@types/on-headers': [ '1.0.4' ],
24 silly audit   '@types/once': [ '1.4.5' ],
24 silly audit   '@types/parseurl': [ '1.3.3' ],
24 silly audit   '@types/picomatch': [ '4.0.2' ],
24 silly audit   '@types/proxy-addr': [ '2.0.3' ],
24 silly audit   '@types/qs': [ '6.15.0' ],
24 silly audit   '@types/random-bytes': [ '1.0.3' ],
24 silly audit   '@types/range-parser': [ '1.2.7' ],
24 silly audit   '@types/react': [ '19.2.14' ],
24 silly audit   '@types/react-dom': [ '19.2.3' ],
24 silly audit   '@types/react-syntax-highlighter': [ '15.5.13' ],
24 silly audit   '@types/safer-buffer': [ '2.1.3' ],
24 silly audit   '@types/semver': [ '7.7.1' ],
24 silly audit   '@types/send': [ '1.2.1' ],
24 silly audit   '@types/serve-static': [ '2.2.0' ],
24 silly audit   '@types/statuses': [ '2.0.6' ],
24 silly audit   '@types/stylus': [ '0.48.43' ],
24 silly audit   '@types/to-regex-range': [ '5.0.3' ],
24 silly audit   '@types/toidentifier': [ '1.0.2' ],
24 silly audit   '@types/touch': [ '3.1.5' ],
24 silly audit   '@types/type-is': [ '1.6.7' ],
24 silly audit   '@types/uid-safe': [ '2.1.5' ],
24 silly audit   '@types/vary': [ '1.1.3' ],
24 silly audit   csstype: [ '3.2.3' ],
24 silly audit   'undici-types': [ '7.18.2' ],
24 silly audit   'types-registry': [ '0.1.769' ]
24 silly audit }
25 http fetch POST 200 https://registry.npmjs.org/-/npm/v1/security/advisories/bulk 1637ms
26 silly audit report {}
27 verbose cwd /Users/gustavo/Library/Caches/typescript/5.9
28 verbose os Darwin 21.6.0
29 verbose node v24.14.0
30 verbose npm  v11.9.0
31 verbose exit 0
32 info ok
